2024-10-11 01:01:58,939 - INFO - Connecting to ONVIF
2024-10-11 01:01:59,383 - INFO - Connection established
2024-10-11 01:01:59,730 - INFO - Camera controls are set
2024-10-11 01:02:00,965 - INFO - Audio started streaming
2024-10-11 01:02:04,749 - DEBUG - boxes{}
2024-10-11 01:02:05,005 - DEBUG - boxes{}
2024-10-11 01:02:05,029 - DEBUG - boxes{}
2024-10-11 01:02:05,056 - DEBUG - boxes{}
2024-10-11 01:02:05,077 - DEBUG - boxes{}
2024-10-11 01:02:05,099 - DEBUG - boxes{}
2024-10-11 01:02:05,122 - DEBUG - boxes{}
2024-10-11 01:02:05,144 - DEBUG - boxes{}
2024-10-11 01:02:05,170 - DEBUG - boxes{}
2024-10-11 01:02:05,192 - DEBUG - boxes{}
2024-10-11 01:02:05,215 - DEBUG - boxes{}
2024-10-11 01:02:05,237 - DEBUG - boxes{}
2024-10-11 01:02:05,259 - DEBUG - boxes{}
2024-10-11 01:02:05,282 - DEBUG - boxes{}
2024-10-11 01:02:05,305 - DEBUG - boxes{}
2024-10-11 01:02:05,326 - DEBUG - boxes{}
2024-10-11 01:02:05,348 - DEBUG - boxes{}
2024-10-11 01:02:05,369 - DEBUG - boxes{}
2024-10-11 01:02:05,390 - DEBUG - boxes{}
2024-10-11 01:02:05,411 - DEBUG - boxes{}
2024-10-11 01:02:05,432 - DEBUG - boxes{}
2024-10-11 01:02:05,454 - DEBUG - boxes{}
2024-10-11 01:02:05,475 - DEBUG - boxes{}
2024-10-11 01:02:05,496 - DEBUG - boxes{}
2024-10-11 01:02:05,518 - DEBUG - boxes{}
2024-10-11 01:02:05,539 - DEBUG - boxes{}
2024-10-11 01:02:05,560 - DEBUG - boxes{}
2024-10-11 01:02:05,582 - DEBUG - boxes{}
2024-10-11 01:02:05,603 - DEBUG - boxes{}
2024-10-11 01:02:05,624 - DEBUG - boxes{}
2024-10-11 01:02:05,645 - DEBUG - boxes{}
2024-10-11 01:02:05,666 - DEBUG - boxes{}
2024-10-11 01:02:05,689 - DEBUG - boxes{}
2024-10-11 01:02:05,711 - DEBUG - boxes{}
2024-10-11 01:02:05,732 - DEBUG - boxes{}
2024-10-11 01:02:05,753 - DEBUG - boxes{}
2024-10-11 01:02:05,776 - DEBUG - boxes{}
2024-10-11 01:02:05,797 - DEBUG - boxes{}
2024-10-11 01:02:05,818 - DEBUG - boxes{}
2024-10-11 01:02:05,839 - DEBUG - boxes{}
2024-10-11 01:02:05,861 - DEBUG - boxes{}
2024-10-11 01:02:05,883 - DEBUG - boxes{}
2024-10-11 01:02:05,904 - DEBUG - boxes{}
2024-10-11 01:02:05,925 - DEBUG - boxes{}
2024-10-11 01:02:05,946 - DEBUG - boxes{}
2024-10-11 01:02:05,967 - DEBUG - boxes{}
2024-10-11 01:02:05,989 - DEBUG - boxes{}
2024-10-11 01:02:06,011 - DEBUG - boxes{}
2024-10-11 01:02:06,032 - DEBUG - boxes{}
2024-10-11 01:02:06,054 - DEBUG - boxes{}
2024-10-11 01:02:06,076 - DEBUG - boxes{}
2024-10-11 01:02:06,097 - DEBUG - boxes{}
2024-10-11 01:02:06,119 - DEBUG - boxes{}
2024-10-11 01:02:06,141 - DEBUG - boxes{}
2024-10-11 01:02:06,163 - DEBUG - boxes{}
2024-10-11 01:02:06,185 - DEBUG - boxes{}
2024-10-11 01:02:06,206 - DEBUG - boxes{}
2024-10-11 01:02:06,228 - DEBUG - boxes{}
2024-10-11 01:02:06,250 - DEBUG - boxes{}
2024-10-11 01:02:06,272 - DEBUG - boxes{}
2024-10-11 01:02:06,294 - DEBUG - boxes{}
2024-10-11 01:02:06,316 - DEBUG - boxes{}
2024-10-11 01:02:06,337 - DEBUG - boxes{}
2024-10-11 01:02:06,359 - DEBUG - boxes{}
2024-10-11 01:02:06,380 - DEBUG - boxes{}
2024-10-11 01:02:06,402 - DEBUG - boxes{}
2024-10-11 01:02:06,423 - DEBUG - boxes{}
2024-10-11 01:02:06,445 - DEBUG - boxes{}
2024-10-11 01:02:06,466 - DEBUG - boxes{}
2024-10-11 01:02:06,488 - DEBUG - boxes{}
2024-10-11 01:02:06,509 - DEBUG - boxes{}
2024-10-11 01:02:06,532 - DEBUG - boxes{}
2024-10-11 01:02:06,559 - DEBUG - boxes{}
2024-10-11 01:02:06,588 - DEBUG - boxes{}
2024-10-11 01:02:06,616 - DEBUG - boxes{}
2024-10-11 01:02:06,639 - DEBUG - boxes{}
2024-10-11 01:02:06,660 - DEBUG - boxes{}
2024-10-11 01:02:06,687 - DEBUG - boxes{}
2024-10-11 01:02:06,715 - DEBUG - boxes{}
2024-10-11 01:02:06,737 - DEBUG - boxes{}
2024-10-11 01:02:06,758 - DEBUG - boxes{}
2024-10-11 01:02:06,780 - DEBUG - boxes{}
2024-10-11 01:02:06,801 - DEBUG - boxes{}
2024-10-11 01:02:06,821 - DEBUG - boxes{}
2024-10-11 01:02:06,842 - DEBUG - boxes{}
2024-10-11 01:02:06,864 - DEBUG - boxes{}
2024-10-11 01:02:06,886 - DEBUG - boxes{}
2024-10-11 01:02:06,921 - DEBUG - boxes{}
2024-10-11 01:02:06,943 - DEBUG - boxes{}
2024-10-11 01:02:06,964 - DEBUG - boxes{}
2024-10-11 01:02:06,984 - DEBUG - boxes{}
2024-10-11 01:02:07,006 - DEBUG - boxes{}
2024-10-11 01:02:07,027 - DEBUG - boxes{}
2024-10-11 01:02:07,049 - DEBUG - boxes{}
2024-10-11 01:02:07,070 - DEBUG - boxes{}
2024-10-11 01:02:07,091 - DEBUG - boxes{}
2024-10-11 01:02:07,112 - DEBUG - boxes{}
2024-10-11 01:02:07,132 - DEBUG - boxes{}
2024-10-11 01:02:07,153 - DEBUG - boxes{}
2024-10-11 01:02:07,175 - DEBUG - boxes{}
2024-10-11 01:02:07,195 - DEBUG - boxes{}
2024-10-11 01:02:07,215 - DEBUG - boxes{}
2024-10-11 01:02:07,235 - DEBUG - boxes{}
2024-10-11 01:02:07,259 - DEBUG - boxes{}
2024-10-11 01:02:07,279 - DEBUG - boxes{}
2024-10-11 01:02:07,300 - DEBUG - boxes{}
2024-10-11 01:02:07,321 - DEBUG - boxes{}
2024-10-11 01:02:07,341 - DEBUG - boxes{}
2024-10-11 01:02:07,362 - DEBUG - boxes{}
2024-10-11 01:02:07,382 - DEBUG - boxes{}
2024-10-11 01:02:07,403 - DEBUG - boxes{}
2024-10-11 01:02:07,424 - DEBUG - boxes{}
2024-10-11 01:02:07,447 - DEBUG - boxes{}
2024-10-11 01:02:07,468 - DEBUG - boxes{}
2024-10-11 01:02:07,489 - DEBUG - boxes{}
2024-10-11 01:02:07,509 - DEBUG - boxes{}
2024-10-11 01:02:07,529 - DEBUG - boxes{}
2024-10-11 01:02:07,549 - DEBUG - boxes{}
2024-10-11 01:02:07,569 - DEBUG - boxes{}
2024-10-11 01:02:07,590 - DEBUG - boxes{}
2024-10-11 01:02:07,611 - DEBUG - boxes{}
2024-10-11 01:02:07,631 - DEBUG - boxes{}
2024-10-11 01:02:07,653 - DEBUG - boxes{}
2024-10-11 01:02:07,674 - DEBUG - boxes{}
2024-10-11 01:02:07,694 - DEBUG - boxes{}
2024-10-11 01:02:07,715 - DEBUG - boxes{}
2024-10-11 01:02:07,736 - DEBUG - boxes{}
2024-10-11 01:02:07,756 - DEBUG - boxes{}
2024-10-11 01:02:07,777 - DEBUG - boxes{}
2024-10-11 01:02:07,797 - DEBUG - boxes{}
2024-10-11 01:02:07,818 - DEBUG - boxes{}
2024-10-11 01:02:07,838 - DEBUG - boxes{}
2024-10-11 01:02:07,859 - DEBUG - boxes{}
2024-10-11 01:02:07,880 - DEBUG - boxes{}
2024-10-11 01:02:07,901 - DEBUG - boxes{}
2024-10-11 01:02:07,921 - DEBUG - boxes{}
2024-10-11 01:02:07,942 - DEBUG - boxes{}
2024-10-11 01:02:07,962 - DEBUG - boxes{}
2024-10-11 01:02:07,983 - DEBUG - boxes{}
2024-10-11 01:02:08,004 - DEBUG - boxes{}
2024-10-11 01:02:08,025 - DEBUG - boxes{}
2024-10-11 01:02:08,045 - DEBUG - boxes{}
2024-10-11 01:02:08,066 - DEBUG - boxes{}
2024-10-11 01:02:08,087 - DEBUG - boxes{}
2024-10-11 01:02:08,107 - DEBUG - boxes{}
2024-10-11 01:02:08,128 - DEBUG - boxes{}
2024-10-11 01:02:08,148 - DEBUG - boxes{}
2024-10-11 01:02:08,169 - DEBUG - boxes{}
2024-10-11 01:02:08,189 - DEBUG - boxes{}
2024-10-11 01:02:08,210 - DEBUG - boxes{}
2024-10-11 01:02:08,230 - DEBUG - boxes{}
2024-10-11 01:02:08,251 - DEBUG - boxes{}
2024-10-11 01:02:08,271 - DEBUG - boxes{}
2024-10-11 01:02:08,293 - DEBUG - boxes{}
2024-10-11 01:02:08,314 - DEBUG - boxes{}
2024-10-11 01:02:08,335 - DEBUG - boxes{}
2024-10-11 01:02:08,357 - DEBUG - boxes{}
2024-10-11 01:02:08,379 - DEBUG - boxes{}
2024-10-11 01:02:08,402 - DEBUG - boxes{}
2024-10-11 01:02:08,422 - DEBUG - boxes{}
2024-10-11 01:02:08,442 - DEBUG - boxes{}
2024-10-11 01:02:08,463 - DEBUG - boxes{}
2024-10-11 01:02:08,484 - DEBUG - boxes{}
2024-10-11 01:02:08,505 - DEBUG - boxes{}
2024-10-11 01:02:08,526 - DEBUG - boxes{}
2024-10-11 01:02:08,547 - DEBUG - boxes{}
2024-10-11 01:02:08,575 - DEBUG - boxes{}
2024-10-11 01:02:08,596 - DEBUG - boxes{}
2024-10-11 01:02:08,618 - DEBUG - boxes{}
2024-10-11 01:02:08,638 - DEBUG - boxes{}
2024-10-11 01:02:08,658 - DEBUG - boxes{}
2024-10-11 01:02:08,678 - DEBUG - boxes{}
2024-10-11 01:02:08,699 - DEBUG - boxes{}
2024-10-11 01:02:08,720 - DEBUG - boxes{}
2024-10-11 01:02:08,741 - DEBUG - boxes{}
2024-10-11 01:02:08,761 - DEBUG - boxes{}
2024-10-11 01:02:08,781 - DEBUG - boxes{}
2024-10-11 01:02:08,802 - DEBUG - boxes{}
2024-10-11 01:02:08,823 - DEBUG - boxes{}
2024-10-11 01:02:08,844 - DEBUG - boxes{}
2024-10-11 01:02:08,865 - DEBUG - boxes{}
2024-10-11 01:02:08,885 - DEBUG - boxes{}
2024-10-11 01:02:08,906 - DEBUG - boxes{}
2024-10-11 01:02:08,926 - DEBUG - boxes{}
2024-10-11 01:02:08,947 - DEBUG - boxes{}
2024-10-11 01:02:08,969 - DEBUG - boxes{}
2024-10-11 01:02:08,990 - DEBUG - boxes{}
2024-10-11 01:02:09,011 - DEBUG - boxes{}
2024-10-11 01:02:09,033 - DEBUG - boxes{}
2024-10-11 01:02:09,053 - DEBUG - boxes{}
2024-10-11 01:02:09,074 - DEBUG - boxes{}
2024-10-11 01:02:09,095 - DEBUG - boxes{}
2024-10-11 01:02:09,116 - DEBUG - boxes{}
2024-10-11 01:02:09,137 - DEBUG - boxes{}
2024-10-11 01:02:09,158 - DEBUG - boxes{}
2024-10-11 01:02:09,178 - DEBUG - boxes{}
2024-10-11 01:02:09,200 - DEBUG - boxes{}
2024-10-11 01:02:09,221 - DEBUG - boxes{}
2024-10-11 01:02:09,241 - DEBUG - boxes{}
2024-10-11 01:02:09,262 - DEBUG - boxes{}
2024-10-11 01:02:09,283 - DEBUG - boxes{}
2024-10-11 01:02:09,305 - DEBUG - boxes{}
2024-10-11 01:02:09,326 - DEBUG - boxes{}
2024-10-11 01:02:09,346 - DEBUG - boxes{}
2024-10-11 01:02:09,368 - DEBUG - boxes{}
2024-10-11 01:02:09,388 - DEBUG - boxes{}
2024-10-11 01:02:09,410 - DEBUG - boxes{}
2024-10-11 01:02:09,431 - DEBUG - boxes{}
2024-10-11 01:02:09,456 - DEBUG - boxes{}
2024-10-11 01:02:09,482 - DEBUG - boxes{}
2024-10-11 01:02:09,510 - DEBUG - boxes{}
2024-10-11 01:02:09,535 - DEBUG - boxes{}
2024-10-11 01:02:09,556 - DEBUG - boxes{}
2024-10-11 01:02:09,578 - DEBUG - boxes{}
2024-10-11 01:02:09,598 - DEBUG - boxes{}
2024-10-11 01:02:09,618 - DEBUG - boxes{}
2024-10-11 01:02:09,639 - DEBUG - boxes{}
2024-10-11 01:02:09,659 - DEBUG - boxes{}
2024-10-11 01:02:09,680 - DEBUG - boxes{}
2024-10-11 01:02:09,700 - DEBUG - boxes{}
2024-10-11 01:02:09,721 - DEBUG - boxes{}
2024-10-11 01:02:09,742 - DEBUG - boxes{}
2024-10-11 01:02:09,762 - DEBUG - boxes{}
2024-10-11 01:02:09,782 - DEBUG - boxes{}
2024-10-11 01:02:09,804 - DEBUG - boxes{}
2024-10-11 01:02:09,825 - DEBUG - boxes{}
2024-10-11 01:02:09,845 - DEBUG - boxes{}
2024-10-11 01:02:09,866 - DEBUG - boxes{}
2024-10-11 01:02:09,887 - DEBUG - boxes{}
2024-10-11 01:02:09,907 - DEBUG - boxes{}
2024-10-11 01:02:09,928 - DEBUG - boxes{}
2024-10-11 01:02:09,950 - DEBUG - boxes{}
2024-10-11 01:02:09,971 - DEBUG - boxes{}
2024-10-11 01:02:09,991 - DEBUG - boxes{}
2024-10-11 01:02:10,031 - DEBUG - boxes{}
2024-10-11 01:02:10,051 - DEBUG - boxes{}
2024-10-11 01:02:10,072 - DEBUG - boxes{}
2024-10-11 01:02:10,092 - DEBUG - boxes{}
2024-10-11 01:02:10,132 - DEBUG - boxes{}
2024-10-11 01:02:10,153 - DEBUG - boxes{}
2024-10-11 01:02:10,174 - DEBUG - boxes{}
2024-10-11 01:02:10,195 - DEBUG - boxes{}
2024-10-11 01:02:10,235 - DEBUG - boxes{}
2024-10-11 01:02:10,339 - DEBUG - boxes{}
2024-10-11 01:02:10,371 - DEBUG - boxes{}
2024-10-11 01:02:10,392 - DEBUG - boxes{}
2024-10-11 01:02:10,427 - DEBUG - boxes{}
2024-10-11 01:02:10,463 - DEBUG - boxes{}
2024-10-11 01:02:10,493 - DEBUG - boxes{}
2024-10-11 01:02:10,558 - DEBUG - boxes{}
2024-10-11 01:02:10,579 - DEBUG - boxes{}
2024-10-11 01:02:10,600 - DEBUG - boxes{}
2024-10-11 01:02:10,635 - DEBUG - boxes{}
2024-10-11 01:02:10,661 - DEBUG - boxes{}
2024-10-11 01:02:10,699 - DEBUG - boxes{}
2024-10-11 01:02:10,724 - DEBUG - boxes{}
2024-10-11 01:02:10,799 - DEBUG - boxes{}
2024-10-11 01:02:10,991 - DEBUG - boxes{}
2024-10-11 01:02:11,030 - DEBUG - boxes{}
2024-10-11 01:02:11,294 - DEBUG - boxes{}
2024-10-11 01:02:11,525 - DEBUG - Moving up
2024-10-11 01:02:11,627 - DEBUG - boxes{}
2024-10-11 01:02:11,692 - DEBUG - boxes{}
2024-10-11 01:02:11,728 - DEBUG - boxes{}
2024-10-11 01:02:11,757 - DEBUG - boxes{}
2024-10-11 01:02:11,888 - DEBUG - boxes{}
2024-10-11 01:02:11,923 - DEBUG - boxes{}
2024-10-11 01:02:11,957 - DEBUG - boxes{}
2024-10-11 01:02:11,988 - DEBUG - boxes{}
2024-10-11 01:02:12,062 - DEBUG - boxes{}
2024-10-11 01:02:12,165 - DEBUG - boxes{}
2024-10-11 01:02:12,188 - DEBUG - boxes{}
2024-10-11 01:02:12,230 - DEBUG - boxes{}
2024-10-11 01:02:12,257 - DEBUG - boxes{}
2024-10-11 01:02:12,295 - DEBUG - boxes{}
2024-10-11 01:02:12,322 - DEBUG - boxes{}
2024-10-11 01:02:12,364 - DEBUG - boxes{}
2024-10-11 01:02:13,138 - DEBUG - Stopping movement of camera
2024-10-11 01:02:13,388 - DEBUG - boxes{}
2024-10-11 01:02:13,456 - DEBUG - boxes{}
2024-10-11 01:02:13,488 - DEBUG - boxes{}
2024-10-11 01:02:13,522 - DEBUG - boxes{}
2024-10-11 01:02:13,558 - DEBUG - boxes{}
2024-10-11 01:02:13,657 - DEBUG - boxes{}
2024-10-11 01:02:13,857 - DEBUG - boxes{}
2024-10-11 01:02:13,896 - DEBUG - boxes{}
2024-10-11 01:02:13,926 - DEBUG - boxes{}
2024-10-11 01:02:13,973 - DEBUG - boxes{}
2024-10-11 01:02:13,994 - DEBUG - boxes{}
2024-10-11 01:02:14,223 - DEBUG - boxes{}
2024-10-11 01:02:14,289 - DEBUG - boxes{}
2024-10-11 01:02:14,322 - DEBUG - boxes{}
2024-10-11 01:02:14,459 - DEBUG - boxes{}
2024-10-11 01:02:14,492 - DEBUG - boxes{}
2024-10-11 01:02:14,525 - DEBUG - boxes{}
2024-10-11 01:02:14,561 - DEBUG - boxes{}
2024-10-11 01:02:14,589 - DEBUG - boxes{}
2024-10-11 01:02:14,626 - DEBUG - boxes{}
2024-10-11 01:02:15,069 - DEBUG - boxes{}
2024-10-11 01:02:15,103 - DEBUG - boxes{}
2024-10-11 01:02:15,226 - DEBUG - boxes{}
2024-10-11 01:02:15,258 - DEBUG - boxes{}
2024-10-11 01:02:15,358 - DEBUG - boxes{}
2024-10-11 01:02:15,379 - DEBUG - boxes{}
2024-10-11 01:02:15,399 - DEBUG - boxes{}
2024-10-11 01:02:15,434 - DEBUG - boxes{}
2024-10-11 01:02:15,462 - DEBUG - boxes{}
2024-10-11 01:02:15,497 - DEBUG - boxes{}
2024-10-11 01:02:15,524 - DEBUG - boxes{}
2024-10-11 01:02:15,569 - DEBUG - boxes{}
2024-10-11 01:02:15,591 - DEBUG - boxes{}
2024-10-11 01:02:15,637 - DEBUG - boxes{}
2024-10-11 01:02:15,660 - DEBUG - boxes{}
2024-10-11 01:02:15,695 - DEBUG - boxes{}
2024-10-11 01:02:15,723 - DEBUG - boxes{}
2024-10-11 01:02:15,761 - DEBUG - boxes{}
2024-10-11 01:02:15,804 - DEBUG - boxes{}
2024-10-11 01:02:15,826 - DEBUG - boxes{}
2024-10-11 01:02:15,863 - DEBUG - boxes{}
2024-10-11 01:02:15,892 - DEBUG - boxes{}
2024-10-11 01:02:15,923 - DEBUG - boxes{}
2024-10-11 01:02:15,961 - DEBUG - boxes{}
2024-10-11 01:02:15,998 - DEBUG - boxes{}
2024-10-11 01:02:16,028 - DEBUG - boxes{}
2024-10-11 01:02:16,060 - DEBUG - boxes{}
2024-10-11 01:02:16,093 - DEBUG - boxes{}
2024-10-11 01:02:16,123 - DEBUG - boxes{}
2024-10-11 01:02:16,161 - DEBUG - boxes{}
2024-10-11 01:02:16,202 - DEBUG - boxes{}
2024-10-11 01:02:16,227 - DEBUG - boxes{}
2024-10-11 01:02:16,267 - DEBUG - boxes{}
2024-10-11 01:02:16,292 - DEBUG - boxes{}
2024-10-11 01:02:16,331 - DEBUG - boxes{}
2024-10-11 01:02:16,362 - DEBUG - boxes{}
2024-10-11 01:02:16,397 - DEBUG - boxes{}
2024-10-11 01:02:16,424 - DEBUG - boxes{}
2024-10-11 01:02:16,464 - DEBUG - boxes{}
2024-10-11 01:02:16,496 - DEBUG - boxes{}
2024-10-11 01:02:16,531 - DEBUG - boxes{}
2024-10-11 01:02:16,561 - DEBUG - boxes{}
2024-10-11 01:02:16,588 - DEBUG - boxes{}
2024-10-11 01:02:16,625 - DEBUG - boxes{}
2024-10-11 01:02:16,664 - DEBUG - boxes{}
2024-10-11 01:02:16,693 - DEBUG - boxes{}
2024-10-11 01:02:16,723 - DEBUG - boxes{}
2024-10-11 01:02:16,767 - DEBUG - boxes{}
2024-10-11 01:02:16,792 - DEBUG - boxes{}
2024-10-11 01:02:16,827 - DEBUG - boxes{}
2024-10-11 01:02:16,858 - DEBUG - boxes{}
2024-10-11 01:02:16,892 - DEBUG - boxes{}
2024-10-11 01:02:16,924 - DEBUG - boxes{}
2024-10-11 01:02:16,966 - DEBUG - boxes{}
2024-10-11 01:02:16,990 - DEBUG - boxes{}
2024-10-11 01:02:17,032 - DEBUG - boxes{}
2024-10-11 01:02:17,059 - DEBUG - boxes{}
2024-10-11 01:02:17,107 - DEBUG - boxes{}
2024-10-11 01:02:17,128 - DEBUG - boxes{}
2024-10-11 01:02:17,168 - DEBUG - boxes{}
2024-10-11 01:02:17,191 - DEBUG - boxes{}
2024-10-11 01:02:17,234 - DEBUG - boxes{}
2024-10-11 01:02:17,260 - DEBUG - boxes{}
2024-10-11 01:02:17,295 - DEBUG - boxes{}
2024-10-11 01:02:17,324 - DEBUG - boxes{}
2024-10-11 01:02:17,361 - DEBUG - boxes{}
2024-10-11 01:02:17,390 - DEBUG - boxes{}
2024-10-11 01:02:17,425 - DEBUG - boxes{}
2024-10-11 01:02:17,459 - DEBUG - boxes{}
2024-10-11 01:02:17,492 - DEBUG - boxes{}
2024-10-11 01:02:17,523 - DEBUG - boxes{}
2024-10-11 01:02:17,560 - DEBUG - boxes{}
2024-10-11 01:02:17,596 - DEBUG - boxes{}
2024-10-11 01:02:17,626 - DEBUG - boxes{}
2024-10-11 01:02:17,660 - DEBUG - boxes{}
2024-10-11 01:02:17,692 - DEBUG - boxes{}
2024-10-11 01:02:17,723 - DEBUG - boxes{}
2024-10-11 01:02:17,762 - DEBUG - boxes{}
2024-10-11 01:02:17,789 - DEBUG - boxes{}
2024-10-11 01:02:17,830 - DEBUG - boxes{}
2024-10-11 01:02:17,871 - DEBUG - boxes{}
2024-10-11 01:02:17,897 - DEBUG - boxes{}
2024-10-11 01:02:17,936 - DEBUG - boxes{}
2024-10-11 01:02:17,961 - DEBUG - boxes{}
2024-10-11 01:02:17,998 - DEBUG - boxes{}
2024-10-11 01:02:18,024 - DEBUG - boxes{}
2024-10-11 01:02:18,066 - DEBUG - boxes{}
2024-10-11 01:02:18,092 - DEBUG - boxes{}
2024-10-11 01:02:18,128 - DEBUG - boxes{}
2024-10-11 01:02:18,153 - DEBUG - boxes{}
2024-10-11 01:02:18,191 - DEBUG - boxes{}
2024-10-11 01:02:18,225 - DEBUG - boxes{}
2024-10-11 01:02:18,264 - DEBUG - boxes{}
2024-10-11 01:02:18,293 - DEBUG - boxes{}
2024-10-11 01:02:18,324 - DEBUG - boxes{}
2024-10-11 01:02:18,375 - DEBUG - boxes{}
2024-10-11 01:02:18,396 - DEBUG - boxes{}
2024-10-11 01:02:18,426 - DEBUG - boxes{}
2024-10-11 01:02:18,460 - DEBUG - boxes{}
2024-10-11 01:02:18,492 - DEBUG - boxes{}
2024-10-11 01:02:18,525 - DEBUG - boxes{}
2024-10-11 01:02:18,567 - DEBUG - boxes{}
2024-10-11 01:02:18,593 - DEBUG - boxes{}
2024-10-11 01:02:18,633 - DEBUG - boxes{}
2024-10-11 01:02:18,661 - DEBUG - boxes{}
2024-10-11 01:02:18,703 - DEBUG - boxes{}
2024-10-11 01:02:18,726 - DEBUG - boxes{}
2024-10-11 01:02:18,768 - DEBUG - boxes{}
2024-10-11 01:02:18,790 - DEBUG - boxes{}
2024-10-11 01:02:18,834 - DEBUG - boxes{}
2024-10-11 01:02:18,860 - DEBUG - boxes{}
2024-10-11 01:02:18,915 - DEBUG - boxes{}
2024-10-11 01:02:18,937 - DEBUG - boxes{}
2024-10-11 01:02:18,966 - DEBUG - boxes{}
2024-10-11 01:02:18,991 - DEBUG - boxes{}
2024-10-11 01:02:19,027 - DEBUG - boxes{}
2024-10-11 01:02:19,060 - DEBUG - boxes{}
2024-10-11 01:02:19,093 - DEBUG - boxes{}
2024-10-11 01:02:19,123 - DEBUG - boxes{}
2024-10-11 01:02:19,163 - DEBUG - boxes{}
2024-10-11 01:02:19,197 - DEBUG - boxes{}
2024-10-11 01:02:19,225 - DEBUG - boxes{}
2024-10-11 01:02:19,261 - DEBUG - boxes{}
2024-10-11 01:02:19,291 - DEBUG - boxes{}
2024-10-11 01:02:19,323 - DEBUG - boxes{}
2024-10-11 01:02:19,361 - DEBUG - boxes{}
2024-10-11 01:02:19,400 - DEBUG - boxes{}
2024-10-11 01:02:19,427 - DEBUG - boxes{}
2024-10-11 01:02:19,466 - DEBUG - boxes{}
2024-10-11 01:02:19,492 - DEBUG - boxes{}
2024-10-11 01:02:19,529 - DEBUG - boxes{}
2024-10-11 01:02:19,565 - DEBUG - boxes{}
2024-10-11 01:02:19,599 - DEBUG - boxes{}
2024-10-11 01:02:19,625 - DEBUG - boxes{}
2024-10-11 01:02:19,668 - DEBUG - boxes{}
2024-10-11 01:02:19,717 - DEBUG - boxes{}
2024-10-11 01:02:19,739 - DEBUG - boxes{}
2024-10-11 01:02:19,760 - DEBUG - boxes{}
2024-10-11 01:02:19,790 - DEBUG - boxes{}
2024-10-11 01:02:19,826 - DEBUG - boxes{}
2024-10-11 01:02:19,859 - DEBUG - boxes{}
2024-10-11 01:02:19,894 - DEBUG - boxes{}
2024-10-11 01:02:19,937 - DEBUG - boxes{}
2024-10-11 01:02:19,972 - DEBUG - boxes{}
2024-10-11 01:02:19,994 - DEBUG - boxes{}
2024-10-11 01:02:20,031 - DEBUG - boxes{}
2024-10-11 01:02:20,060 - DEBUG - boxes{}
2024-10-11 01:02:20,092 - DEBUG - boxes{}
2024-10-11 01:02:20,157 - DEBUG - boxes{}
2024-10-11 01:02:20,179 - DEBUG - boxes{}
2024-10-11 01:02:20,201 - DEBUG - boxes{}
2024-10-11 01:02:20,231 - DEBUG - boxes{}
2024-10-11 01:02:20,258 - DEBUG - boxes{}
2024-10-11 01:02:20,301 - DEBUG - boxes{}
2024-10-11 01:02:20,324 - DEBUG - boxes{}
2024-10-11 01:02:20,378 - DEBUG - boxes{}
2024-10-11 01:02:20,399 - DEBUG - boxes{}
2024-10-11 01:02:20,430 - DEBUG - boxes{}
2024-10-11 01:02:20,460 - DEBUG - boxes{}
2024-10-11 01:02:20,495 - DEBUG - boxes{}
2024-10-11 01:02:20,523 - DEBUG - boxes{}
2024-10-11 01:02:20,561 - DEBUG - boxes{}
2024-10-11 01:02:20,599 - DEBUG - boxes{}
2024-10-11 01:02:20,625 - DEBUG - boxes{}
2024-10-11 01:02:20,659 - DEBUG - boxes{}
2024-10-11 01:02:20,692 - DEBUG - boxes{}
2024-10-11 01:02:20,723 - DEBUG - boxes{}
2024-10-11 01:02:20,760 - DEBUG - boxes{}
2024-10-11 01:02:20,820 - DEBUG - boxes{}
2024-10-11 01:02:20,841 - DEBUG - boxes{}
2024-10-11 01:02:20,861 - DEBUG - boxes{}
2024-10-11 01:02:20,890 - DEBUG - boxes{}
2024-10-11 01:02:20,924 - DEBUG - boxes{}
2024-10-11 01:02:20,961 - DEBUG - boxes{}
2024-10-11 01:02:21,013 - DEBUG - boxes{}
2024-10-11 01:02:21,035 - DEBUG - boxes{}
2024-10-11 01:02:21,067 - DEBUG - boxes{}
2024-10-11 01:02:21,091 - DEBUG - boxes{}
2024-10-11 01:02:21,131 - DEBUG - boxes{}
2024-10-11 01:02:21,161 - DEBUG - boxes{}
2024-10-11 01:02:21,197 - DEBUG - boxes{}
2024-10-11 01:02:21,225 - DEBUG - boxes{}
2024-10-11 01:02:21,265 - DEBUG - boxes{}
2024-10-11 01:02:21,291 - DEBUG - boxes{}
2024-10-11 01:02:21,327 - DEBUG - boxes{}
2024-10-11 01:02:21,362 - DEBUG - boxes{}
2024-10-11 01:02:21,389 - DEBUG - boxes{}
2024-10-11 01:02:21,424 - DEBUG - boxes{}
2024-10-11 01:02:21,460 - DEBUG - boxes{}
2024-10-11 01:02:21,491 - DEBUG - boxes{}
2024-10-11 01:02:21,522 - DEBUG - boxes{}
2024-10-11 01:02:21,568 - DEBUG - boxes{}
2024-10-11 01:02:21,591 - DEBUG - boxes{}
2024-10-11 01:02:21,628 - DEBUG - boxes{}
2024-10-11 01:02:21,661 - DEBUG - boxes{}
2024-10-11 01:02:21,692 - DEBUG - boxes{}
2024-10-11 01:02:21,726 - DEBUG - boxes{}
2024-10-11 01:02:21,769 - DEBUG - boxes{}
2024-10-11 01:02:21,790 - DEBUG - boxes{}
2024-10-11 01:02:21,840 - DEBUG - boxes{}
2024-10-11 01:02:21,861 - DEBUG - boxes{}
2024-10-11 01:02:21,898 - DEBUG - boxes{}
2024-10-11 01:02:21,923 - DEBUG - boxes{}
2024-10-11 01:02:21,970 - DEBUG - boxes{}
2024-10-11 01:02:21,996 - DEBUG - boxes{}
2024-10-11 01:02:22,047 - DEBUG - boxes{}
2024-10-11 01:02:22,069 - DEBUG - boxes{}
2024-10-11 01:02:22,098 - DEBUG - boxes{}
2024-10-11 01:02:22,123 - DEBUG - boxes{}
2024-10-11 01:02:22,166 - DEBUG - boxes{}
2024-10-11 01:02:22,191 - DEBUG - boxes{}
2024-10-11 01:02:22,225 - DEBUG - boxes{}
2024-10-11 01:02:22,260 - DEBUG - boxes{}
2024-10-11 01:02:22,292 - DEBUG - boxes{}
2024-10-11 01:02:22,324 - DEBUG - boxes{}
2024-10-11 01:02:22,362 - DEBUG - boxes{}
2024-10-11 01:02:22,397 - DEBUG - boxes{}
2024-10-11 01:02:22,426 - DEBUG - boxes{}
2024-10-11 01:02:22,459 - DEBUG - boxes{}
2024-10-11 01:02:22,492 - DEBUG - boxes{}
2024-10-11 01:02:22,524 - DEBUG - boxes{}
2024-10-11 01:02:22,560 - DEBUG - boxes{}
2024-10-11 01:02:22,600 - DEBUG - boxes{}
2024-10-11 01:02:22,627 - DEBUG - boxes{}
2024-10-11 01:02:22,667 - DEBUG - boxes{}
2024-10-11 01:02:22,697 - DEBUG - boxes{}
2024-10-11 01:02:22,732 - DEBUG - boxes{}
2024-10-11 01:02:22,760 - DEBUG - boxes{}
2024-10-11 01:02:22,805 - DEBUG - boxes{}
2024-10-11 01:02:22,838 - DEBUG - boxes{}
2024-10-11 01:02:22,872 - DEBUG - boxes{}
2024-10-11 01:02:22,906 - DEBUG - boxes{}
2024-10-11 01:02:22,940 - DEBUG - boxes{}
2024-10-11 01:02:22,967 - DEBUG - boxes{}
2024-10-11 01:02:22,990 - DEBUG - boxes{}
2024-10-11 01:02:23,028 - DEBUG - boxes{}
2024-10-11 01:02:23,068 - DEBUG - boxes{}
2024-10-11 01:02:23,091 - DEBUG - boxes{}
2024-10-11 01:02:23,129 - DEBUG - boxes{}
2024-10-11 01:02:23,169 - DEBUG - boxes{}
2024-10-11 01:02:23,191 - DEBUG - boxes{}
2024-10-11 01:02:23,225 - DEBUG - boxes{}
2024-10-11 01:02:23,261 - DEBUG - boxes{}
2024-10-11 01:02:23,293 - DEBUG - boxes{}
2024-10-11 01:02:23,324 - DEBUG - boxes{}
2024-10-11 01:02:23,368 - DEBUG - boxes{}
2024-10-11 01:02:23,391 - DEBUG - boxes{}
2024-10-11 01:02:23,432 - DEBUG - boxes{}
2024-10-11 01:02:23,462 - DEBUG - boxes{}
2024-10-11 01:02:23,500 - DEBUG - boxes{}
2024-10-11 01:02:23,523 - DEBUG - boxes{}
2024-10-11 01:02:23,575 - DEBUG - boxes{}
2024-10-11 01:02:23,595 - DEBUG - boxes{}
2024-10-11 01:02:23,632 - DEBUG - boxes{}
2024-10-11 01:02:23,659 - DEBUG - boxes{}
2024-10-11 01:02:23,696 - DEBUG - boxes{}
2024-10-11 01:02:23,724 - DEBUG - boxes{}
2024-10-11 01:02:23,762 - DEBUG - boxes{}
2024-10-11 01:02:23,791 - DEBUG - boxes{}
2024-10-11 01:02:23,824 - DEBUG - boxes{}
2024-10-11 01:02:23,859 - DEBUG - boxes{}
2024-10-11 01:02:23,897 - DEBUG - boxes{}
2024-10-11 01:02:23,925 - DEBUG - boxes{}
2024-10-11 01:02:23,961 - DEBUG - boxes{}
2024-10-11 01:02:23,997 - DEBUG - boxes{}
2024-10-11 01:02:24,025 - DEBUG - boxes{}
2024-10-11 01:02:24,062 - DEBUG - boxes{}
2024-10-11 01:02:24,092 - DEBUG - boxes{}
2024-10-11 01:02:24,122 - DEBUG - boxes{}
2024-10-11 01:02:24,161 - DEBUG - boxes{}
2024-10-11 01:02:24,189 - DEBUG - boxes{}
2024-10-11 01:02:24,231 - DEBUG - boxes{}
2024-10-11 01:02:24,268 - DEBUG - boxes{}
2024-10-11 01:02:24,291 - DEBUG - boxes{}
2024-10-11 01:02:24,331 - DEBUG - boxes{}
2024-10-11 01:02:24,364 - DEBUG - boxes{}
2024-10-11 01:02:24,397 - DEBUG - boxes{}
2024-10-11 01:02:24,425 - DEBUG - boxes{}
2024-10-11 01:02:24,464 - DEBUG - boxes{}
2024-10-11 01:02:24,492 - DEBUG - boxes{}
2024-10-11 01:02:24,527 - DEBUG - boxes{}
2024-10-11 01:02:24,560 - DEBUG - boxes{}
2024-10-11 01:02:24,592 - DEBUG - boxes{}
2024-10-11 01:02:24,625 - DEBUG - boxes{}
2024-10-11 01:02:24,659 - DEBUG - boxes{}
2024-10-11 01:02:24,692 - DEBUG - boxes{}
2024-10-11 01:02:24,735 - DEBUG - boxes{}
2024-10-11 01:02:24,767 - DEBUG - boxes{}
2024-10-11 01:02:24,791 - DEBUG - boxes{}
2024-10-11 01:02:24,826 - DEBUG - boxes{}
2024-10-11 01:02:24,868 - DEBUG - boxes{}
2024-10-11 01:02:24,892 - DEBUG - boxes{}
2024-10-11 01:02:24,956 - DEBUG - boxes{}
2024-10-11 01:02:24,979 - DEBUG - boxes{}
2024-10-11 01:02:25,000 - DEBUG - boxes{}
2024-10-11 01:02:25,033 - DEBUG - boxes{}
2024-10-11 01:02:25,061 - DEBUG - boxes{}
2024-10-11 01:02:25,098 - DEBUG - boxes{}
2024-10-11 01:02:25,124 - DEBUG - boxes{}
2024-10-11 01:02:25,177 - DEBUG - boxes{}
2024-10-11 01:02:25,199 - DEBUG - boxes{}
2024-10-11 01:02:25,237 - DEBUG - boxes{}
2024-10-11 01:02:25,260 - DEBUG - boxes{}
2024-10-11 01:02:25,296 - DEBUG - boxes{}
2024-10-11 01:02:25,324 - DEBUG - boxes{}
2024-10-11 01:02:25,398 - DEBUG - boxes{}
2024-10-11 01:02:25,419 - DEBUG - boxes{}
2024-10-11 01:02:25,441 - DEBUG - boxes{}
2024-10-11 01:02:25,462 - DEBUG - boxes{}
2024-10-11 01:02:25,493 - DEBUG - boxes{}
2024-10-11 01:02:25,524 - DEBUG - boxes{}
2024-10-11 01:02:25,564 - DEBUG - boxes{}
2024-10-11 01:02:25,619 - DEBUG - boxes{}
2024-10-11 01:02:25,642 - DEBUG - boxes{}
2024-10-11 01:02:25,662 - DEBUG - boxes{}
2024-10-11 01:02:25,692 - DEBUG - boxes{}
2024-10-11 01:02:25,725 - DEBUG - boxes{}
2024-10-11 01:02:25,760 - DEBUG - boxes{}
2024-10-11 01:02:25,800 - DEBUG - boxes{}
2024-10-11 01:02:25,840 - DEBUG - boxes{}
2024-10-11 01:02:25,867 - DEBUG - boxes{}
2024-10-11 01:02:25,891 - DEBUG - boxes{}
2024-10-11 01:02:25,933 - DEBUG - boxes{}
2024-10-11 01:02:25,960 - DEBUG - boxes{}
2024-10-11 01:02:26,000 - DEBUG - boxes{}
2024-10-11 01:02:26,024 - DEBUG - boxes{}
2024-10-11 01:02:26,070 - DEBUG - boxes{}
2024-10-11 01:02:26,091 - DEBUG - boxes{}
2024-10-11 01:02:26,138 - DEBUG - boxes{}
2024-10-11 01:02:26,161 - DEBUG - boxes{}
2024-10-11 01:02:26,193 - DEBUG - boxes{}
2024-10-11 01:02:26,223 - DEBUG - boxes{}
2024-10-11 01:02:26,262 - DEBUG - boxes{}
2024-10-11 01:02:26,291 - DEBUG - boxes{}
2024-10-11 01:02:26,324 - DEBUG - boxes{}
2024-10-11 01:02:26,363 - DEBUG - boxes{}
2024-10-11 01:02:26,393 - DEBUG - boxes{}
2024-10-11 01:02:26,424 - DEBUG - boxes{}
2024-10-11 01:02:26,459 - DEBUG - boxes{}
2024-10-11 01:02:26,490 - DEBUG - boxes{}
2024-10-11 01:02:26,526 - DEBUG - boxes{}
2024-10-11 01:02:26,559 - DEBUG - boxes{}
2024-10-11 01:02:26,592 - DEBUG - boxes{}
2024-10-11 01:02:26,632 - DEBUG - boxes{}
2024-10-11 01:02:26,661 - DEBUG - boxes{}
2024-10-11 01:02:26,698 - DEBUG - boxes{}
2024-10-11 01:02:26,726 - DEBUG - boxes{}
2024-10-11 01:02:26,767 - DEBUG - boxes{}
2024-10-11 01:02:26,793 - DEBUG - boxes{}
2024-10-11 01:02:26,830 - DEBUG - boxes{}
2024-10-11 01:02:26,861 - DEBUG - boxes{}
2024-10-11 01:02:26,898 - DEBUG - boxes{}
2024-10-11 01:02:26,925 - DEBUG - boxes{}
2024-10-11 01:02:26,962 - DEBUG - boxes{}
2024-10-11 01:02:26,992 - DEBUG - boxes{}
2024-10-11 01:02:27,023 - DEBUG - boxes{}
2024-10-11 01:02:27,062 - DEBUG - boxes{}
2024-10-11 01:02:27,088 - DEBUG - boxes{}
2024-10-11 01:02:27,126 - DEBUG - boxes{}
2024-10-11 01:02:27,160 - DEBUG - boxes{}
2024-10-11 01:02:27,200 - DEBUG - boxes{}
2024-10-11 01:02:27,223 - DEBUG - boxes{}
2024-10-11 01:02:27,261 - DEBUG - boxes{}
2024-10-11 01:02:27,291 - DEBUG - boxes{}
2024-10-11 01:02:27,324 - DEBUG - boxes{}
2024-10-11 01:02:27,359 - DEBUG - boxes{}
2024-10-11 01:02:27,401 - DEBUG - boxes{}
2024-10-11 01:02:27,424 - DEBUG - boxes{}
2024-10-11 01:02:27,472 - DEBUG - boxes{}
2024-10-11 01:02:27,493 - DEBUG - boxes{}
2024-10-11 01:02:27,532 - DEBUG - boxes{}
2024-10-11 01:02:27,558 - DEBUG - boxes{}
2024-10-11 01:02:27,598 - DEBUG - boxes{}
2024-10-11 01:02:27,625 - DEBUG - boxes{}
2024-10-11 01:02:27,668 - DEBUG - boxes{}
2024-10-11 01:02:27,693 - DEBUG - boxes{}
2024-10-11 01:02:27,731 - DEBUG - boxes{}
2024-10-11 01:02:27,758 - DEBUG - boxes{}
2024-10-11 01:02:27,792 - DEBUG - boxes{}
2024-10-11 01:02:27,824 - DEBUG - boxes{}
2024-10-11 01:02:27,860 - DEBUG - boxes{}
2024-10-11 01:02:27,890 - DEBUG - boxes{}
2024-10-11 01:02:27,927 - DEBUG - boxes{}
2024-10-11 01:02:27,977 - DEBUG - boxes{}
2024-10-11 01:02:27,998 - DEBUG - boxes{}
2024-10-11 01:02:28,037 - DEBUG - boxes{}
2024-10-11 01:02:28,062 - DEBUG - boxes{}
2024-10-11 01:02:28,091 - DEBUG - boxes{}
2024-10-11 01:02:28,125 - DEBUG - boxes{}
2024-10-11 01:02:28,158 - DEBUG - boxes{}
2024-10-11 01:02:28,192 - DEBUG - boxes{}
2024-10-11 01:02:28,223 - DEBUG - boxes{}
2024-10-11 01:02:28,261 - DEBUG - boxes{}
2024-10-11 01:02:28,299 - DEBUG - boxes{}
2024-10-11 01:02:28,324 - DEBUG - boxes{}
2024-10-11 01:02:28,374 - DEBUG - boxes{}
2024-10-11 01:02:28,394 - DEBUG - boxes{}
2024-10-11 01:02:28,432 - DEBUG - boxes{}
2024-10-11 01:02:28,460 - DEBUG - boxes{}
2024-10-11 01:02:28,495 - DEBUG - boxes{}
2024-10-11 01:02:28,527 - DEBUG - boxes{}
2024-10-11 01:02:28,561 - DEBUG - boxes{}
2024-10-11 01:02:28,592 - DEBUG - boxes{}
2024-10-11 01:02:28,623 - DEBUG - boxes{}
2024-10-11 01:02:28,660 - DEBUG - boxes{}
2024-10-11 01:02:28,697 - DEBUG - boxes{}
2024-10-11 01:02:28,733 - DEBUG - boxes{}
2024-10-11 01:02:28,758 - DEBUG - boxes{}
2024-10-11 01:02:28,804 - DEBUG - boxes{}
2024-10-11 01:02:28,825 - DEBUG - boxes{}
2024-10-11 01:02:28,861 - DEBUG - boxes{}
2024-10-11 01:02:28,889 - DEBUG - boxes{}
2024-10-11 01:02:28,930 - DEBUG - boxes{}
2024-10-11 01:02:28,965 - DEBUG - boxes{}
2024-10-11 01:02:29,016 - DEBUG - boxes{}
2024-10-11 01:02:29,037 - DEBUG - boxes{}
2024-10-11 01:02:29,070 - DEBUG - boxes{}
2024-10-11 01:02:29,092 - DEBUG - boxes{}
2024-10-11 01:02:29,133 - DEBUG - boxes{}
2024-10-11 01:02:29,160 - DEBUG - boxes{}
2024-10-11 01:02:29,198 - DEBUG - boxes{}
2024-10-11 01:02:29,224 - DEBUG - boxes{}
2024-10-11 01:02:29,268 - DEBUG - boxes{}
2024-10-11 01:02:29,292 - DEBUG - boxes{}
2024-10-11 01:02:29,330 - DEBUG - boxes{}
2024-10-11 01:02:29,360 - DEBUG - boxes{}
2024-10-11 01:02:29,393 - DEBUG - boxes{}
2024-10-11 01:02:29,422 - DEBUG - boxes{}
2024-10-11 01:02:29,470 - DEBUG - boxes{}
2024-10-11 01:02:29,492 - DEBUG - boxes{}
2024-10-11 01:02:29,524 - DEBUG - boxes{}
2024-10-11 01:02:29,567 - DEBUG - boxes{}
2024-10-11 01:02:29,593 - DEBUG - boxes{}
2024-10-11 01:02:29,631 - DEBUG - boxes{}
2024-10-11 01:02:29,661 - DEBUG - boxes{}
2024-10-11 01:02:29,689 - DEBUG - boxes{}
2024-10-11 01:02:29,756 - DEBUG - boxes{}
2024-10-11 01:02:29,778 - DEBUG - boxes{}
2024-10-11 01:02:29,799 - DEBUG - boxes{}
2024-10-11 01:02:29,832 - DEBUG - boxes{}
2024-10-11 01:02:29,861 - DEBUG - boxes{}
2024-10-11 01:02:29,899 - DEBUG - boxes{}
2024-10-11 01:02:29,925 - DEBUG - boxes{}
2024-10-11 01:02:29,977 - DEBUG - boxes{}
2024-10-11 01:02:29,998 - DEBUG - boxes{}
2024-10-11 01:02:30,032 - DEBUG - boxes{}
2024-10-11 01:02:30,062 - DEBUG - boxes{}
2024-10-11 01:02:30,096 - DEBUG - boxes{}
2024-10-11 01:02:30,129 - DEBUG - boxes{}
2024-10-11 01:02:30,197 - DEBUG - boxes{}
2024-10-11 01:02:30,218 - DEBUG - boxes{}
2024-10-11 01:02:30,239 - DEBUG - boxes{}
2024-10-11 01:02:30,261 - DEBUG - boxes{}
2024-10-11 01:02:30,290 - DEBUG - boxes{}
2024-10-11 01:02:30,325 - DEBUG - boxes{}
2024-10-11 01:02:30,358 - DEBUG - boxes{}
2024-10-11 01:02:30,418 - DEBUG - boxes{}
2024-10-11 01:02:30,439 - DEBUG - boxes{}
2024-10-11 01:02:30,464 - DEBUG - boxes{}
2024-10-11 01:02:30,491 - DEBUG - boxes{}
2024-10-11 01:02:30,527 - DEBUG - boxes{}
2024-10-11 01:02:30,561 - DEBUG - boxes{}
2024-10-11 01:02:30,640 - DEBUG - boxes{}
2024-10-11 01:02:30,661 - DEBUG - boxes{}
2024-10-11 01:02:30,682 - DEBUG - boxes{}
2024-10-11 01:02:30,703 - DEBUG - boxes{}
2024-10-11 01:02:30,733 - DEBUG - boxes{}
2024-10-11 01:02:30,759 - DEBUG - boxes{}
2024-10-11 01:02:30,800 - DEBUG - boxes{}
2024-10-11 01:02:30,861 - DEBUG - boxes{}
2024-10-11 01:02:30,882 - DEBUG - boxes{}
2024-10-11 01:02:30,903 - DEBUG - boxes{}
2024-10-11 01:02:30,929 - DEBUG - boxes{}
2024-10-11 01:02:30,961 - DEBUG - boxes{}
2024-10-11 01:02:30,992 - DEBUG - boxes{}
2024-10-11 01:02:31,023 - DEBUG - boxes{}
2024-10-11 01:02:31,069 - DEBUG - boxes{}
2024-10-11 01:02:31,092 - DEBUG - boxes{}
2024-10-11 01:02:31,127 - DEBUG - boxes{}
2024-10-11 01:02:31,167 - DEBUG - boxes{}
2024-10-11 01:02:31,191 - DEBUG - boxes{}
2024-10-11 01:02:31,236 - DEBUG - boxes{}
2024-10-11 01:02:31,262 - DEBUG - boxes{}
2024-10-11 01:02:31,290 - DEBUG - boxes{}
2024-10-11 01:02:31,324 - DEBUG - boxes{}
2024-10-11 01:02:31,359 - DEBUG - boxes{}
2024-10-11 01:02:31,393 - DEBUG - boxes{}
2024-10-11 01:02:31,422 - DEBUG - boxes{}
2024-10-11 01:02:31,461 - DEBUG - boxes{}
2024-10-11 01:02:31,498 - DEBUG - boxes{}
2024-10-11 01:02:31,524 - DEBUG - boxes{}
2024-10-11 01:02:31,575 - DEBUG - boxes{}
2024-10-11 01:02:31,598 - DEBUG - boxes{}
2024-10-11 01:02:31,631 - DEBUG - boxes{}
2024-10-11 01:02:31,659 - DEBUG - boxes{}
2024-10-11 01:02:31,693 - DEBUG - boxes{}
2024-10-11 01:02:31,724 - DEBUG - boxes{}
2024-10-11 01:02:31,761 - DEBUG - boxes{}
2024-10-11 01:02:31,791 - DEBUG - boxes{}
2024-10-11 01:02:31,823 - DEBUG - boxes{}
2024-10-11 01:02:31,860 - DEBUG - boxes{}
2024-10-11 01:02:31,891 - DEBUG - boxes{}
2024-10-11 01:02:31,933 - DEBUG - boxes{}
2024-10-11 01:02:31,960 - DEBUG - boxes{}
2024-10-11 01:02:31,998 - DEBUG - boxes{}
2024-10-11 01:02:32,023 - DEBUG - boxes{}
2024-10-11 01:02:32,074 - DEBUG - boxes{}
2024-10-11 01:02:32,095 - DEBUG - boxes{}
2024-10-11 01:02:32,140 - DEBUG - boxes{}
2024-10-11 01:02:32,161 - DEBUG - boxes{}
2024-10-11 01:02:32,201 - DEBUG - boxes{}
2024-10-11 01:02:32,223 - DEBUG - boxes{}
2024-10-11 01:02:32,267 - DEBUG - boxes{}
2024-10-11 01:02:32,291 - DEBUG - boxes{}
2024-10-11 01:02:32,332 - DEBUG - boxes{}
2024-10-11 01:02:32,363 - DEBUG - boxes{}
2024-10-11 01:02:32,399 - DEBUG - boxes{}
2024-10-11 01:02:32,423 - DEBUG - boxes{}
2024-10-11 01:02:32,473 - DEBUG - boxes{}
2024-10-11 01:02:32,494 - DEBUG - boxes{}
2024-10-11 01:02:32,530 - DEBUG - boxes{}
2024-10-11 01:02:32,558 - DEBUG - boxes{}
2024-10-11 01:02:32,594 - DEBUG - boxes{}
2024-10-11 01:02:32,623 - DEBUG - boxes{}
2024-10-11 01:02:32,660 - DEBUG - boxes{}
2024-10-11 01:02:32,690 - DEBUG - boxes{}
2024-10-11 01:02:32,725 - DEBUG - boxes{}
2024-10-11 01:02:32,760 - DEBUG - boxes{}
2024-10-11 01:02:32,793 - DEBUG - boxes{}
2024-10-11 01:02:32,833 - DEBUG - boxes{}
2024-10-11 01:02:32,861 - DEBUG - boxes{}
2024-10-11 01:02:32,889 - DEBUG - boxes{}
2024-10-11 01:02:32,927 - DEBUG - boxes{}
2024-10-11 01:02:32,960 - DEBUG - boxes{}
2024-10-11 01:02:32,991 - DEBUG - boxes{}
2024-10-11 01:02:33,035 - DEBUG - boxes{}
2024-10-11 01:02:33,062 - DEBUG - boxes{}
2024-10-11 01:02:33,097 - DEBUG - boxes{}
2024-10-11 01:02:33,124 - DEBUG - boxes{}
2024-10-11 01:02:33,168 - DEBUG - boxes{}
2024-10-11 01:02:33,193 - DEBUG - boxes{}
2024-10-11 01:02:33,231 - DEBUG - boxes{}
2024-10-11 01:02:33,259 - DEBUG - boxes{}
2024-10-11 01:02:33,295 - DEBUG - boxes{}
2024-10-11 01:02:33,324 - DEBUG - boxes{}
2024-10-11 01:02:33,363 - DEBUG - boxes{}
2024-10-11 01:02:33,391 - DEBUG - boxes{}
2024-10-11 01:02:33,422 - DEBUG - boxes{}
2024-10-11 01:02:33,460 - DEBUG - boxes{}
2024-10-11 01:02:33,493 - DEBUG - boxes{}
2024-10-11 01:02:33,525 - DEBUG - boxes{}
2024-10-11 01:02:33,559 - DEBUG - boxes{}
2024-10-11 01:02:33,598 - DEBUG - boxes{}
2024-10-11 01:02:33,625 - DEBUG - boxes{}
2024-10-11 01:02:33,661 - DEBUG - boxes{}
2024-10-11 01:02:33,691 - DEBUG - boxes{}
2024-10-11 01:02:33,736 - DEBUG - boxes{}
2024-10-11 01:02:33,759 - DEBUG - boxes{}
2024-10-11 01:02:33,804 - DEBUG - boxes{}
2024-10-11 01:02:33,826 - DEBUG - boxes{}
2024-10-11 01:02:33,867 - DEBUG - boxes{}
2024-10-11 01:02:33,892 - DEBUG - boxes{}
2024-10-11 01:02:33,934 - DEBUG - boxes{}
2024-10-11 01:02:33,967 - DEBUG - boxes{}
2024-10-11 01:02:34,000 - DEBUG - boxes{}
2024-10-11 01:02:34,037 - DEBUG - boxes{}
2024-10-11 01:02:34,089 - DEBUG - boxes{}
2024-10-11 01:02:34,128 - DEBUG - boxes{}
2024-10-11 01:02:34,148 - DEBUG - boxes{}
2024-10-11 01:02:34,169 - DEBUG - boxes{}
2024-10-11 01:02:34,192 - DEBUG - boxes{}
2024-10-11 01:02:34,222 - DEBUG - boxes{}
2024-10-11 01:02:34,260 - DEBUG - boxes{}
2024-10-11 01:02:34,292 - DEBUG - boxes{}
2024-10-11 01:02:34,324 - DEBUG - boxes{}
2024-10-11 01:02:34,367 - DEBUG - boxes{}
2024-10-11 01:02:34,392 - DEBUG - boxes{}
2024-10-11 01:02:34,430 - DEBUG - boxes{}
2024-10-11 01:02:34,462 - DEBUG - boxes{}
2024-10-11 01:02:34,491 - DEBUG - boxes{}
2024-10-11 01:02:34,523 - DEBUG - boxes{}
2024-10-11 01:02:34,558 - DEBUG - boxes{}
2024-10-11 01:02:34,593 - DEBUG - boxes{}
2024-10-11 01:02:34,631 - DEBUG - boxes{}
2024-10-11 01:02:34,661 - DEBUG - boxes{}
2024-10-11 01:02:34,696 - DEBUG - boxes{}
2024-10-11 01:02:34,727 - DEBUG - boxes{}
2024-10-11 01:02:34,776 - DEBUG - boxes{}
2024-10-11 01:02:34,797 - DEBUG - boxes{}
2024-10-11 01:02:34,830 - DEBUG - boxes{}
2024-10-11 01:02:34,861 - DEBUG - boxes{}
2024-10-11 01:02:34,906 - DEBUG - boxes{}
2024-10-11 01:02:34,928 - DEBUG - boxes{}
2024-10-11 01:02:34,998 - DEBUG - boxes{}
2024-10-11 01:02:35,021 - DEBUG - boxes{}
2024-10-11 01:02:35,041 - DEBUG - boxes{}
2024-10-11 01:02:35,062 - DEBUG - boxes{}
2024-10-11 01:02:35,089 - DEBUG - boxes{}
2024-10-11 01:02:35,125 - DEBUG - boxes{}
2024-10-11 01:02:35,160 - DEBUG - boxes{}
2024-10-11 01:02:35,217 - DEBUG - boxes{}
2024-10-11 01:02:35,239 - DEBUG - boxes{}
2024-10-11 01:02:35,265 - DEBUG - boxes{}
2024-10-11 01:02:35,290 - DEBUG - boxes{}
2024-10-11 01:02:35,338 - DEBUG - boxes{}
2024-10-11 01:02:35,359 - DEBUG - boxes{}
2024-10-11 01:02:35,392 - DEBUG - boxes{}
2024-10-11 01:02:35,438 - DEBUG - boxes{}
2024-10-11 01:02:35,468 - DEBUG - boxes{}
2024-10-11 01:02:35,491 - DEBUG - boxes{}
2024-10-11 01:02:35,530 - DEBUG - boxes{}
2024-10-11 01:02:35,562 - DEBUG - boxes{}
2024-10-11 01:02:35,599 - DEBUG - boxes{}
2024-10-11 01:02:35,658 - DEBUG - boxes{}
2024-10-11 01:02:35,679 - DEBUG - boxes{}
2024-10-11 01:02:35,700 - DEBUG - boxes{}
2024-10-11 01:02:35,728 - DEBUG - boxes{}
2024-10-11 01:02:35,760 - DEBUG - boxes{}
2024-10-11 01:02:35,793 - DEBUG - boxes{}
2024-10-11 01:02:35,822 - DEBUG - boxes{}
2024-10-11 01:02:35,880 - DEBUG - boxes{}
2024-10-11 01:02:35,902 - DEBUG - boxes{}
2024-10-11 01:02:35,928 - DEBUG - boxes{}
2024-10-11 01:02:35,959 - DEBUG - boxes{}
2024-10-11 01:02:35,993 - DEBUG - boxes{}
2024-10-11 01:02:36,032 - DEBUG - boxes{}
2024-10-11 01:02:36,060 - DEBUG - boxes{}
2024-10-11 01:02:36,089 - DEBUG - boxes{}
2024-10-11 01:02:36,127 - DEBUG - boxes{}
2024-10-11 01:02:36,159 - DEBUG - boxes{}
2024-10-11 01:02:36,190 - DEBUG - boxes{}
2024-10-11 01:02:36,223 - DEBUG - boxes{}
2024-10-11 01:02:36,261 - DEBUG - boxes{}
2024-10-11 01:02:36,296 - DEBUG - boxes{}
2024-10-11 01:02:36,324 - DEBUG - boxes{}
2024-10-11 01:02:36,367 - DEBUG - boxes{}
2024-10-11 01:02:36,391 - DEBUG - boxes{}
2024-10-11 01:02:36,434 - DEBUG - boxes{}
2024-10-11 01:02:36,460 - DEBUG - boxes{}
2024-10-11 01:02:36,495 - DEBUG - boxes{}
2024-10-11 01:02:36,525 - DEBUG - boxes{}
2024-10-11 01:02:36,562 - DEBUG - boxes{}
2024-10-11 01:02:36,591 - DEBUG - boxes{}
2024-10-11 01:02:36,622 - DEBUG - boxes{}
2024-10-11 01:02:36,660 - DEBUG - boxes{}
2024-10-11 01:02:36,692 - DEBUG - boxes{}
2024-10-11 01:02:36,724 - DEBUG - boxes{}
2024-10-11 01:02:36,757 - DEBUG - boxes{}
2024-10-11 01:02:36,800 - DEBUG - boxes{}
2024-10-11 01:02:36,823 - DEBUG - boxes{}
2024-10-11 01:02:36,874 - DEBUG - boxes{}
2024-10-11 01:02:36,895 - DEBUG - boxes{}
2024-10-11 01:02:36,924 - DEBUG - boxes{}
2024-10-11 01:02:36,962 - DEBUG - boxes{}
2024-10-11 01:02:36,991 - DEBUG - boxes{}
2024-10-11 01:02:37,026 - DEBUG - boxes{}
2024-10-11 01:02:37,068 - DEBUG - boxes{}
2024-10-11 01:02:37,090 - DEBUG - boxes{}
2024-10-11 01:02:37,132 - DEBUG - boxes{}
2024-10-11 01:02:37,159 - DEBUG - boxes{}
2024-10-11 01:02:37,203 - DEBUG - boxes{}
2024-10-11 01:02:37,224 - DEBUG - boxes{}
2024-10-11 01:02:37,267 - DEBUG - boxes{}
2024-10-11 01:02:37,290 - DEBUG - boxes{}
2024-10-11 01:02:37,329 - DEBUG - boxes{}
2024-10-11 01:02:37,359 - DEBUG - boxes{}
2024-10-11 01:02:37,393 - DEBUG - boxes{}
2024-10-11 01:02:37,423 - DEBUG - boxes{}
2024-10-11 01:02:37,459 - DEBUG - boxes{}
2024-10-11 01:02:37,489 - DEBUG - boxes{}
2024-10-11 01:02:37,524 - DEBUG - boxes{}
2024-10-11 01:02:37,568 - DEBUG - boxes{}
2024-10-11 01:02:37,591 - DEBUG - boxes{}
2024-10-11 01:02:37,635 - DEBUG - boxes{}
2024-10-11 01:02:37,662 - DEBUG - boxes{}
2024-10-11 01:02:37,691 - DEBUG - boxes{}
2024-10-11 01:02:37,724 - DEBUG - boxes{}
2024-10-11 01:02:37,759 - DEBUG - boxes{}
2024-10-11 01:02:37,793 - DEBUG - boxes{}
2024-10-11 01:02:37,823 - DEBUG - boxes{}
2024-10-11 01:02:37,864 - DEBUG - boxes{}
2024-10-11 01:02:37,902 - DEBUG - boxes{}
2024-10-11 01:02:37,928 - DEBUG - boxes{}
2024-10-11 01:02:37,969 - DEBUG - boxes{}
2024-10-11 01:02:37,993 - DEBUG - boxes{}
2024-10-11 01:02:38,043 - DEBUG - boxes{}
2024-10-11 01:02:38,065 - DEBUG - boxes{}
2024-10-11 01:02:38,100 - DEBUG - boxes{}
2024-10-11 01:02:38,126 - DEBUG - boxes{}
2024-10-11 01:02:38,164 - DEBUG - boxes{}
2024-10-11 01:02:38,193 - DEBUG - boxes{}
2024-10-11 01:02:38,226 - DEBUG - boxes{}
2024-10-11 01:02:38,263 - DEBUG - boxes{}
2024-10-11 01:02:38,291 - DEBUG - boxes{}
2024-10-11 01:02:38,339 - DEBUG - boxes{}
2024-10-11 01:02:38,361 - DEBUG - boxes{}
2024-10-11 01:02:38,399 - DEBUG - boxes{}
2024-10-11 01:02:38,424 - DEBUG - boxes{}
2024-10-11 01:02:38,461 - DEBUG - boxes{}
2024-10-11 01:02:38,490 - DEBUG - boxes{}
2024-10-11 01:02:38,524 - DEBUG - boxes{}
2024-10-11 01:02:38,559 - DEBUG - boxes{}
2024-10-11 01:02:38,592 - DEBUG - boxes{}
2024-10-11 01:02:38,623 - DEBUG - boxes{}
2024-10-11 01:02:38,666 - DEBUG - boxes{}
2024-10-11 01:02:38,690 - DEBUG - boxes{}
2024-10-11 01:02:38,731 - DEBUG - boxes{}
2024-10-11 01:02:38,759 - DEBUG - boxes{}
2024-10-11 01:02:38,800 - DEBUG - boxes{}
2024-10-11 01:02:38,823 - DEBUG - boxes{}
2024-10-11 01:02:38,872 - DEBUG - boxes{}
2024-10-11 01:02:38,894 - DEBUG - boxes{}
2024-10-11 01:02:38,933 - DEBUG - boxes{}
2024-10-11 01:02:38,959 - DEBUG - boxes{}
2024-10-11 01:02:38,993 - DEBUG - boxes{}
2024-10-11 01:02:39,027 - DEBUG - boxes{}
2024-10-11 01:02:39,062 - DEBUG - boxes{}
2024-10-11 01:02:39,089 - DEBUG - boxes{}
2024-10-11 01:02:39,124 - DEBUG - boxes{}
2024-10-11 01:02:39,158 - DEBUG - boxes{}
2024-10-11 01:02:39,390 - DEBUG - boxes{}
2024-10-11 01:02:39,460 - DEBUG - boxes{}
2024-10-11 01:02:39,496 - DEBUG - boxes{}
2024-10-11 01:02:39,525 - DEBUG - boxes{}
2024-10-11 01:02:39,591 - DEBUG - boxes{}
2024-10-11 01:02:39,632 - DEBUG - boxes{}
2024-10-11 01:02:39,659 - DEBUG - boxes{}
2024-10-11 01:02:39,697 - DEBUG - boxes{}
2024-10-11 01:02:39,725 - DEBUG - boxes{}
2024-10-11 01:02:39,795 - DEBUG - boxes{}
2024-10-11 01:02:39,816 - DEBUG - boxes{}
2024-10-11 01:02:39,860 - DEBUG - boxes{}
2024-10-11 01:02:39,890 - DEBUG - boxes{}
2024-10-11 01:02:39,924 - DEBUG - boxes{}
2024-10-11 01:02:39,958 - DEBUG - boxes{}
2024-10-11 01:02:40,016 - DEBUG - boxes{}
2024-10-11 01:02:40,038 - DEBUG - boxes{}
2024-10-11 01:02:40,061 - DEBUG - boxes{}
2024-10-11 01:02:40,094 - DEBUG - boxes{}
2024-10-11 01:02:40,125 - DEBUG - boxes{}
2024-10-11 01:02:40,158 - DEBUG - boxes{}
2024-10-11 01:02:40,459 - DEBUG - boxes{}
2024-10-11 01:02:40,480 - DEBUG - boxes{}
2024-10-11 01:02:40,500 - DEBUG - boxes{}
2024-10-11 01:02:40,530 - DEBUG - boxes{}
2024-10-11 01:02:40,560 - DEBUG - boxes{}
2024-10-11 01:02:40,593 - DEBUG - boxes{}
2024-10-11 01:02:40,624 - DEBUG - boxes{}
2024-10-11 01:02:40,681 - DEBUG - boxes{}
2024-10-11 01:02:40,701 - DEBUG - boxes{}
2024-10-11 01:02:40,726 - DEBUG - boxes{}
2024-10-11 01:02:40,764 - DEBUG - boxes{}
2024-10-11 01:02:40,791 - DEBUG - boxes{}
2024-10-11 01:02:40,833 - DEBUG - boxes{}
2024-10-11 01:02:40,861 - DEBUG - boxes{}
2024-10-11 01:02:40,901 - DEBUG - boxes{}
2024-10-11 01:02:40,925 - DEBUG - boxes{}
2024-10-11 01:02:40,959 - DEBUG - boxes{}
2024-10-11 01:02:40,994 - DEBUG - boxes{}
2024-10-11 01:02:41,024 - DEBUG - boxes{}
2024-10-11 01:02:41,061 - DEBUG - boxes{}
2024-10-11 01:02:41,126 - DEBUG - boxes{}
2024-10-11 01:02:41,169 - DEBUG - boxes{}
2024-10-11 01:02:41,193 - DEBUG - boxes{}
2024-10-11 01:02:41,233 - DEBUG - boxes{}
2024-10-11 01:02:41,266 - DEBUG - boxes{}
2024-10-11 01:02:41,301 - DEBUG - boxes{}
2024-10-11 01:02:41,324 - DEBUG - boxes{}
2024-10-11 01:02:41,363 - DEBUG - boxes{}
2024-10-11 01:02:41,393 - DEBUG - boxes{}
2024-10-11 01:02:41,442 - DEBUG - boxes{}
2024-10-11 01:02:41,463 - DEBUG - boxes{}
2024-10-11 01:02:41,490 - DEBUG - boxes{}
2024-10-11 01:02:41,558 - DEBUG - boxes{}
2024-10-11 01:02:41,726 - DEBUG - boxes{}
2024-10-11 01:02:41,761 - DEBUG - boxes{}
2024-10-11 01:02:41,791 - DEBUG - boxes{}
2024-10-11 01:02:41,827 - DEBUG - boxes{}
2024-10-11 01:02:41,873 - DEBUG - boxes{}
2024-10-11 01:02:41,894 - DEBUG - boxes{}
2024-10-11 01:02:41,939 - DEBUG - boxes{}
2024-10-11 01:02:41,961 - DEBUG - boxes{}
2024-10-11 01:02:42,001 - DEBUG - boxes{}
2024-10-11 01:02:42,025 - DEBUG - boxes{}
2024-10-11 01:02:42,069 - DEBUG - boxes{}
2024-10-11 01:02:42,091 - DEBUG - boxes{}
2024-10-11 01:02:42,132 - DEBUG - boxes{}
2024-10-11 01:02:42,193 - DEBUG - boxes{}
2024-10-11 01:02:42,223 - DEBUG - boxes{}
2024-10-11 01:02:42,260 - DEBUG - boxes{}
2024-10-11 01:02:42,291 - DEBUG - boxes{}
2024-10-11 01:02:42,328 - DEBUG - boxes{}
2024-10-11 01:02:42,359 - DEBUG - boxes{}
2024-10-11 01:02:42,391 - DEBUG - boxes{}
2024-10-11 01:02:42,434 - DEBUG - boxes{}
2024-10-11 01:02:42,460 - DEBUG - boxes{}
2024-10-11 01:02:42,495 - DEBUG - boxes{}
2024-10-11 01:02:42,526 - DEBUG - boxes{}
2024-10-11 01:02:42,558 - DEBUG - boxes{}
2024-10-11 01:02:42,591 - DEBUG - boxes{}
2024-10-11 01:02:42,625 - DEBUG - boxes{}
2024-10-11 01:02:42,661 - DEBUG - boxes{}
2024-10-11 01:02:42,697 - DEBUG - boxes{}
2024-10-11 01:02:42,724 - DEBUG - boxes{}
2024-10-11 01:02:42,769 - DEBUG - boxes{}
2024-10-11 01:02:42,792 - DEBUG - boxes{}
2024-10-11 01:02:42,831 - DEBUG - boxes{}
2024-10-11 01:02:42,862 - DEBUG - boxes{}
2024-10-11 01:02:42,895 - DEBUG - boxes{}
2024-10-11 01:02:42,928 - DEBUG - boxes{}
2024-10-11 01:02:42,964 - DEBUG - boxes{}
2024-10-11 01:02:42,991 - DEBUG - boxes{}
2024-10-11 01:02:43,024 - DEBUG - boxes{}
2024-10-11 01:02:43,063 - DEBUG - boxes{}
2024-10-11 01:02:43,091 - DEBUG - boxes{}
2024-10-11 01:02:43,131 - DEBUG - boxes{}
2024-10-11 01:02:43,159 - DEBUG - boxes{}
2024-10-11 01:02:43,198 - DEBUG - boxes{}
2024-10-11 01:02:43,223 - DEBUG - boxes{}
2024-10-11 01:02:43,266 - DEBUG - boxes{}
2024-10-11 01:02:43,291 - DEBUG - boxes{}
2024-10-11 01:02:43,325 - DEBUG - boxes{}
2024-10-11 01:02:43,358 - DEBUG - boxes{}
2024-10-11 01:02:43,391 - DEBUG - boxes{}
2024-10-11 01:02:43,425 - DEBUG - boxes{}
2024-10-11 01:02:43,467 - DEBUG - boxes{}
2024-10-11 01:02:43,491 - DEBUG - boxes{}
2024-10-11 01:02:43,533 - DEBUG - boxes{}
2024-10-11 01:02:43,559 - DEBUG - boxes{}
2024-10-11 01:02:43,598 - DEBUG - boxes{}
2024-10-11 01:02:43,623 - DEBUG - boxes{}
2024-10-11 01:02:43,666 - DEBUG - boxes{}
2024-10-11 01:02:43,690 - DEBUG - boxes{}
2024-10-11 01:02:43,730 - DEBUG - boxes{}
2024-10-11 01:02:43,760 - DEBUG - boxes{}
2024-10-11 01:02:43,794 - DEBUG - boxes{}
2024-10-11 01:02:43,823 - DEBUG - boxes{}
2024-10-11 01:02:43,860 - DEBUG - boxes{}
2024-10-11 01:02:43,902 - DEBUG - boxes{}
2024-10-11 01:02:43,931 - DEBUG - boxes{}
2024-10-11 01:02:43,966 - DEBUG - boxes{}
2024-10-11 01:02:43,990 - DEBUG - boxes{}
2024-10-11 01:02:44,036 - DEBUG - boxes{}
2024-10-11 01:02:44,062 - DEBUG - boxes{}
2024-10-11 01:02:44,090 - DEBUG - boxes{}
2024-10-11 01:02:44,124 - DEBUG - boxes{}
2024-10-11 01:02:44,159 - DEBUG - boxes{}
2024-10-11 01:02:44,193 - DEBUG - boxes{}
2024-10-11 01:02:44,222 - DEBUG - boxes{}
2024-10-11 01:02:44,260 - DEBUG - boxes{}
2024-10-11 01:02:44,289 - DEBUG - boxes{}
2024-10-11 01:02:44,325 - DEBUG - boxes{}
2024-10-11 01:02:44,358 - DEBUG - boxes{}
2024-10-11 01:02:44,391 - DEBUG - boxes{}
2024-10-11 01:02:44,423 - DEBUG - boxes{}
2024-10-11 01:02:44,461 - DEBUG - boxes{}
2024-10-11 01:02:44,490 - DEBUG - boxes{}
2024-10-11 01:02:44,525 - DEBUG - boxes{}
2024-10-11 01:02:44,558 - DEBUG - boxes{}
2024-10-11 01:02:44,590 - DEBUG - boxes{}
2024-10-11 01:02:44,622 - DEBUG - boxes{}
2024-10-11 01:02:44,667 - DEBUG - boxes{}
2024-10-11 01:02:44,694 - DEBUG - boxes{}
2024-10-11 01:02:44,732 - DEBUG - boxes{}
2024-10-11 01:02:44,759 - DEBUG - boxes{}
2024-10-11 01:02:44,816 - DEBUG - boxes{}
2024-10-11 01:02:44,837 - DEBUG - boxes{}
2024-10-11 01:02:44,868 - DEBUG - boxes{}
2024-10-11 01:02:44,890 - DEBUG - boxes{}
2024-10-11 01:02:44,932 - DEBUG - boxes{}
2024-10-11 01:02:44,968 - DEBUG - boxes{}
2024-10-11 01:02:44,996 - DEBUG - boxes{}
2024-10-11 01:02:45,037 - DEBUG - boxes{}
2024-10-11 01:02:45,061 - DEBUG - boxes{}
2024-10-11 01:02:45,088 - DEBUG - boxes{}
2024-10-11 01:02:45,127 - DEBUG - boxes{}
2024-10-11 01:02:45,159 - DEBUG - boxes{}
2024-10-11 01:02:45,192 - DEBUG - boxes{}
2024-10-11 01:02:45,257 - DEBUG - boxes{}
2024-10-11 01:02:45,279 - DEBUG - boxes{}
2024-10-11 01:02:45,300 - DEBUG - boxes{}
2024-10-11 01:02:45,324 - DEBUG - boxes{}
2024-10-11 01:02:45,359 - DEBUG - boxes{}
2024-10-11 01:02:45,391 - DEBUG - boxes{}
2024-10-11 01:02:45,423 - DEBUG - boxes{}
2024-10-11 01:02:45,477 - DEBUG - boxes{}
2024-10-11 01:02:45,499 - DEBUG - boxes{}
2024-10-11 01:02:45,524 - DEBUG - boxes{}
2024-10-11 01:02:45,566 - DEBUG - boxes{}
2024-10-11 01:02:45,594 - DEBUG - boxes{}
2024-10-11 01:02:45,632 - DEBUG - boxes{}
2024-10-11 01:02:45,660 - DEBUG - boxes{}
2024-10-11 01:02:45,700 - DEBUG - boxes{}
2024-10-11 01:02:45,725 - DEBUG - boxes{}
2024-10-11 01:02:45,766 - DEBUG - boxes{}
2024-10-11 01:02:45,791 - DEBUG - boxes{}
2024-10-11 01:02:45,825 - DEBUG - boxes{}
2024-10-11 01:02:45,860 - DEBUG - boxes{}
2024-10-11 01:02:45,922 - DEBUG - boxes{}
2024-10-11 01:02:45,943 - DEBUG - boxes{}
2024-10-11 01:02:45,964 - DEBUG - boxes{}
2024-10-11 01:02:45,992 - DEBUG - boxes{}
2024-10-11 01:02:46,025 - DEBUG - boxes{}
2024-10-11 01:02:46,061 - DEBUG - boxes{}
2024-10-11 01:02:46,093 - DEBUG - boxes{}
2024-10-11 01:02:46,125 - DEBUG - boxes{}
2024-10-11 01:02:46,160 - DEBUG - boxes{}
2024-10-11 01:02:46,192 - DEBUG - boxes{}
2024-10-11 01:02:46,224 - DEBUG - boxes{}
2024-10-11 01:02:46,268 - DEBUG - boxes{}
2024-10-11 01:02:46,291 - DEBUG - boxes{}
2024-10-11 01:02:46,333 - DEBUG - boxes{}
2024-10-11 01:02:46,360 - DEBUG - boxes{}
2024-10-11 01:02:46,398 - DEBUG - boxes{}
2024-10-11 01:02:46,428 - DEBUG - boxes{}
2024-10-11 01:02:46,470 - DEBUG - boxes{}
2024-10-11 01:02:46,491 - DEBUG - boxes{}
2024-10-11 01:02:46,535 - DEBUG - boxes{}
2024-10-11 01:02:46,560 - DEBUG - boxes{}
2024-10-11 01:02:46,594 - DEBUG - boxes{}
2024-10-11 01:02:46,622 - DEBUG - boxes{}
2024-10-11 01:02:46,661 - DEBUG - boxes{}
2024-10-11 01:02:46,691 - DEBUG - boxes{}
2024-10-11 01:02:46,725 - DEBUG - boxes{}
2024-10-11 01:02:46,757 - DEBUG - boxes{}
2024-10-11 01:02:46,793 - DEBUG - boxes{}
2024-10-11 01:02:46,823 - DEBUG - boxes{}
2024-10-11 01:02:46,866 - DEBUG - boxes{}
2024-10-11 01:02:46,891 - DEBUG - boxes{}
2024-10-11 01:02:46,926 - DEBUG - boxes{}
2024-10-11 01:02:46,961 - DEBUG - boxes{}
2024-10-11 01:02:46,999 - DEBUG - boxes{}
2024-10-11 01:02:47,036 - DEBUG - boxes{}
2024-10-11 01:02:47,061 - DEBUG - boxes{}
2024-10-11 01:02:47,096 - DEBUG - boxes{}
2024-10-11 01:02:47,126 - DEBUG - boxes{}
2024-10-11 01:02:47,164 - DEBUG - boxes{}
2024-10-11 01:02:47,191 - DEBUG - boxes{}
2024-10-11 01:02:47,233 - DEBUG - boxes{}
2024-10-11 01:02:47,261 - DEBUG - boxes{}
2024-10-11 01:02:47,296 - DEBUG - boxes{}
2024-10-11 01:02:47,327 - DEBUG - boxes{}
2024-10-11 01:02:47,362 - DEBUG - boxes{}
2024-10-11 01:02:47,391 - DEBUG - boxes{}
2024-10-11 01:02:47,433 - DEBUG - boxes{}
2024-10-11 01:02:47,461 - DEBUG - boxes{}
2024-10-11 01:02:47,489 - DEBUG - boxes{}
2024-10-11 01:02:47,525 - DEBUG - boxes{}
2024-10-11 01:02:47,559 - DEBUG - boxes{}
2024-10-11 01:02:47,591 - DEBUG - boxes{}
2024-10-11 01:02:47,624 - DEBUG - boxes{}
2024-10-11 01:02:47,664 - DEBUG - boxes{}
2024-10-11 01:02:47,690 - DEBUG - boxes{}
2024-10-11 01:02:47,725 - DEBUG - boxes{}
2024-10-11 01:02:47,759 - DEBUG - boxes{}
2024-10-11 01:02:47,801 - DEBUG - boxes{}
2024-10-11 01:02:47,827 - DEBUG - boxes{}
2024-10-11 01:02:47,869 - DEBUG - boxes{}
2024-10-11 01:02:47,891 - DEBUG - boxes{}
2024-10-11 01:02:47,934 - DEBUG - boxes{}
2024-10-11 01:02:47,958 - DEBUG - boxes{}
2024-10-11 01:02:47,995 - DEBUG - boxes{}
2024-10-11 01:02:48,028 - DEBUG - boxes{}
2024-10-11 01:02:48,077 - DEBUG - boxes{}
2024-10-11 01:02:48,102 - DEBUG - boxes{}
2024-10-11 01:02:48,132 - DEBUG - boxes{}
2024-10-11 01:02:48,158 - DEBUG - boxes{}
2024-10-11 01:02:48,194 - DEBUG - boxes{}
2024-10-11 01:02:48,223 - DEBUG - boxes{}
2024-10-11 01:02:48,260 - DEBUG - boxes{}
2024-10-11 01:02:48,289 - DEBUG - boxes{}
2024-10-11 01:02:48,326 - DEBUG - boxes{}
2024-10-11 01:02:48,358 - DEBUG - boxes{}
2024-10-11 01:02:48,392 - DEBUG - boxes{}
2024-10-11 01:02:48,422 - DEBUG - boxes{}
2024-10-11 01:02:48,459 - DEBUG - boxes{}
2024-10-11 01:02:48,488 - DEBUG - boxes{}
2024-10-11 01:02:48,524 - DEBUG - boxes{}
2024-10-11 01:02:48,559 - DEBUG - boxes{}
2024-10-11 01:02:48,590 - DEBUG - boxes{}
2024-10-11 01:02:48,622 - DEBUG - boxes{}
2024-10-11 01:02:48,660 - DEBUG - boxes{}
2024-10-11 01:02:48,688 - DEBUG - boxes{}
2024-10-11 01:02:48,724 - DEBUG - boxes{}
2024-10-11 01:02:48,767 - DEBUG - boxes{}
2024-10-11 01:02:48,790 - DEBUG - boxes{}
2024-10-11 01:02:48,830 - DEBUG - boxes{}
2024-10-11 01:02:49,454 - DEBUG - boxes{}
2024-10-11 01:02:49,490 - DEBUG - boxes{}
2024-10-11 01:02:49,559 - DEBUG - boxes{}
2024-10-11 01:02:49,596 - DEBUG - boxes{}
2024-10-11 01:02:49,623 - DEBUG - boxes{}
2024-10-11 01:02:49,667 - DEBUG - boxes{}
2024-10-11 01:02:49,689 - DEBUG - boxes{}
2024-10-11 01:02:49,730 - DEBUG - boxes{}
2024-10-11 01:02:49,758 - DEBUG - boxes{}
2024-10-11 01:02:49,794 - DEBUG - boxes{}
2024-10-11 01:02:49,835 - DEBUG - boxes{}
2024-10-11 01:02:49,859 - DEBUG - boxes{}
2024-10-11 01:02:49,889 - DEBUG - boxes{}
2024-10-11 01:02:49,924 - DEBUG - boxes{}
2024-10-11 01:02:49,958 - DEBUG - boxes{}
2024-10-11 01:02:49,992 - DEBUG - boxes{}
2024-10-11 01:02:50,739 - DEBUG - boxes{}
2024-10-11 01:02:50,760 - DEBUG - boxes{}
2024-10-11 01:02:50,781 - DEBUG - boxes{}
2024-10-11 01:02:50,801 - DEBUG - boxes{}
2024-10-11 01:02:50,824 - DEBUG - boxes{}
2024-10-11 01:02:50,888 - DEBUG - boxes{}
2024-10-11 01:02:50,909 - DEBUG - boxes{}
2024-10-11 01:02:50,942 - DEBUG - boxes{}
2024-10-11 01:02:50,962 - DEBUG - boxes{}
2024-10-11 01:02:51,000 - DEBUG - boxes{}
2024-10-11 01:02:51,023 - DEBUG - boxes{}
2024-10-11 01:02:51,070 - DEBUG - boxes{}
2024-10-11 01:02:51,091 - DEBUG - boxes{}
2024-10-11 01:02:51,132 - DEBUG - boxes{}
2024-10-11 01:02:51,164 - DEBUG - boxes{}
2024-10-11 01:02:51,199 - DEBUG - boxes{}
2024-10-11 01:02:51,224 - DEBUG - boxes{}
2024-10-11 01:02:51,274 - DEBUG - boxes{}
2024-10-11 01:02:51,295 - DEBUG - boxes{}
2024-10-11 01:02:51,331 - DEBUG - boxes{}
2024-10-11 01:02:51,359 - DEBUG - boxes{}
2024-10-11 01:02:51,397 - DEBUG - boxes{}
2024-10-11 01:02:51,424 - DEBUG - boxes{}
2024-10-11 01:02:51,459 - DEBUG - boxes{}
2024-10-11 01:02:51,489 - DEBUG - boxes{}
2024-10-11 01:02:51,524 - DEBUG - boxes{}
2024-10-11 01:02:51,561 - DEBUG - boxes{}
2024-10-11 01:02:51,592 - DEBUG - boxes{}
2024-10-11 01:02:51,625 - DEBUG - boxes{}
2024-10-11 01:02:51,661 - DEBUG - boxes{}
2024-10-11 01:02:51,689 - DEBUG - boxes{}
2024-10-11 01:02:51,727 - DEBUG - boxes{}
2024-10-11 01:02:51,759 - DEBUG - boxes{}
2024-10-11 01:02:51,791 - DEBUG - boxes{}
2024-10-11 01:02:51,824 - DEBUG - boxes{}
2024-10-11 01:02:51,860 - DEBUG - boxes{}
2024-10-11 01:02:51,897 - DEBUG - boxes{}
2024-10-11 01:02:51,930 - DEBUG - boxes{}
2024-10-11 01:02:51,976 - DEBUG - boxes{}
2024-10-11 01:02:51,998 - DEBUG - boxes{}
2024-10-11 01:02:52,031 - DEBUG - boxes{}
2024-10-11 01:02:52,064 - DEBUG - boxes{}
2024-10-11 01:02:52,097 - DEBUG - boxes{}
2024-10-11 01:02:52,123 - DEBUG - boxes{}
2024-10-11 01:02:52,163 - DEBUG - boxes{}
2024-10-11 01:02:52,192 - DEBUG - boxes{}
2024-10-11 01:02:52,226 - DEBUG - boxes{}
2024-10-11 01:02:52,260 - DEBUG - boxes{}
2024-10-11 01:02:52,293 - DEBUG - boxes{}
2024-10-11 01:02:52,326 - DEBUG - boxes{}
2024-10-11 01:02:52,359 - DEBUG - boxes{}
2024-10-11 01:02:52,391 - DEBUG - boxes{}
2024-10-11 01:02:52,424 - DEBUG - boxes{}
2024-10-11 01:02:52,461 - DEBUG - boxes{}
2024-10-11 01:02:52,491 - DEBUG - boxes{}
2024-10-11 01:02:52,527 - DEBUG - boxes{}
2024-10-11 01:02:52,559 - DEBUG - boxes{}
2024-10-11 01:02:52,592 - DEBUG - boxes{}
2024-10-11 01:02:52,623 - DEBUG - boxes{}
2024-10-11 01:02:52,669 - DEBUG - boxes{}
2024-10-11 01:02:52,691 - DEBUG - boxes{}
2024-10-11 01:02:52,734 - DEBUG - boxes{}
2024-10-11 01:02:52,761 - DEBUG - boxes{}
2024-10-11 01:02:52,798 - DEBUG - boxes{}
2024-10-11 01:02:52,825 - DEBUG - boxes{}
2024-10-11 01:02:52,867 - DEBUG - boxes{}
2024-10-11 01:02:52,895 - DEBUG - boxes{}
2024-10-11 01:02:52,929 - DEBUG - boxes{}
2024-10-11 01:02:52,962 - DEBUG - boxes{}
2024-10-11 01:02:52,997 - DEBUG - boxes{}
2024-10-11 01:02:53,022 - DEBUG - boxes{}
2024-10-11 01:02:53,063 - DEBUG - boxes{}
2024-10-11 01:02:53,092 - DEBUG - boxes{}
2024-10-11 01:02:53,125 - DEBUG - boxes{}
2024-10-11 01:02:53,158 - DEBUG - boxes{}
2024-10-11 01:02:53,191 - DEBUG - boxes{}
2024-10-11 01:02:53,224 - DEBUG - boxes{}
2024-10-11 01:02:53,261 - DEBUG - boxes{}
2024-10-11 01:02:53,289 - DEBUG - boxes{}
2024-10-11 01:02:53,324 - DEBUG - boxes{}
2024-10-11 01:02:53,358 - DEBUG - boxes{}
2024-10-11 01:02:53,391 - DEBUG - boxes{}
2024-10-11 01:02:53,424 - DEBUG - boxes{}
2024-10-11 01:02:53,459 - DEBUG - boxes{}
2024-10-11 01:02:53,489 - DEBUG - boxes{}
2024-10-11 01:02:53,525 - DEBUG - boxes{}
2024-10-11 01:02:53,569 - DEBUG - boxes{}
2024-10-11 01:02:53,603 - DEBUG - boxes{}
2024-10-11 01:02:53,631 - DEBUG - boxes{}
2024-10-11 01:02:53,660 - DEBUG - boxes{}
2024-10-11 01:02:53,696 - DEBUG - boxes{}
2024-10-11 01:02:53,725 - DEBUG - boxes{}
2024-10-11 01:02:53,763 - DEBUG - boxes{}
2024-10-11 01:02:53,791 - DEBUG - boxes{}
2024-10-11 01:02:53,824 - DEBUG - boxes{}
2024-10-11 01:02:53,862 - DEBUG - boxes{}
2024-10-11 01:02:53,888 - DEBUG - boxes{}
2024-10-11 01:02:53,931 - DEBUG - boxes{}
2024-10-11 01:02:53,960 - DEBUG - boxes{}
2024-10-11 01:02:53,991 - DEBUG - boxes{}
2024-10-11 01:02:54,026 - DEBUG - boxes{}
2024-10-11 01:02:54,079 - DEBUG - boxes{}
2024-10-11 01:02:54,099 - DEBUG - boxes{}
2024-10-11 01:02:54,127 - DEBUG - boxes{}
2024-10-11 01:02:54,159 - DEBUG - boxes{}
2024-10-11 01:02:54,192 - DEBUG - boxes{}
2024-10-11 01:02:54,223 - DEBUG - boxes{}
2024-10-11 01:02:54,269 - DEBUG - boxes{}
2024-10-11 01:02:54,292 - DEBUG - boxes{}
2024-10-11 01:02:54,332 - DEBUG - boxes{}
2024-10-11 01:02:54,358 - DEBUG - boxes{}
2024-10-11 01:02:54,398 - DEBUG - boxes{}
2024-10-11 01:02:54,424 - DEBUG - boxes{}
2024-10-11 01:02:54,468 - DEBUG - boxes{}
2024-10-11 01:02:54,491 - DEBUG - boxes{}
2024-10-11 01:02:54,530 - DEBUG - boxes{}
2024-10-11 01:02:54,560 - DEBUG - boxes{}
2024-10-11 01:02:54,603 - DEBUG - boxes{}
2024-10-11 01:02:54,624 - DEBUG - boxes{}
2024-10-11 01:02:54,660 - DEBUG - boxes{}
2024-10-11 01:02:54,689 - DEBUG - boxes{}
2024-10-11 01:02:54,726 - DEBUG - boxes{}
2024-10-11 01:02:54,761 - DEBUG - boxes{}
2024-10-11 01:02:54,791 - DEBUG - boxes{}
2024-10-11 01:02:54,855 - DEBUG - boxes{}
2024-10-11 01:02:54,876 - DEBUG - boxes{}
2024-10-11 01:02:54,897 - DEBUG - boxes{}
2024-10-11 01:02:54,924 - DEBUG - boxes{}
2024-10-11 01:02:54,959 - DEBUG - boxes{}
2024-10-11 01:02:54,992 - DEBUG - boxes{}
2024-10-11 01:02:55,023 - DEBUG - boxes{}
2024-10-11 01:02:55,076 - DEBUG - boxes{}
2024-10-11 01:02:55,100 - DEBUG - boxes{}
2024-10-11 01:02:55,125 - DEBUG - boxes{}
2024-10-11 01:02:55,167 - DEBUG - boxes{}
2024-10-11 01:02:55,192 - DEBUG - boxes{}
2024-10-11 01:02:55,230 - DEBUG - boxes{}
2024-10-11 01:02:55,299 - DEBUG - boxes{}
2024-10-11 01:02:55,319 - DEBUG - boxes{}
2024-10-11 01:02:55,340 - DEBUG - boxes{}
2024-10-11 01:02:55,368 - DEBUG - boxes{}
2024-10-11 01:02:55,392 - DEBUG - boxes{}
2024-10-11 01:02:55,425 - DEBUG - boxes{}
2024-10-11 01:02:55,460 - DEBUG - boxes{}
2024-10-11 01:02:55,518 - DEBUG - boxes{}
2024-10-11 01:02:55,540 - DEBUG - boxes{}
2024-10-11 01:02:55,561 - DEBUG - boxes{}
2024-10-11 01:02:55,592 - DEBUG - boxes{}
2024-10-11 01:02:55,624 - DEBUG - boxes{}
2024-10-11 01:02:55,660 - DEBUG - boxes{}
2024-10-11 01:02:55,690 - DEBUG - boxes{}
2024-10-11 01:02:55,740 - DEBUG - boxes{}
2024-10-11 01:02:55,762 - DEBUG - boxes{}
2024-10-11 01:02:55,793 - DEBUG - boxes{}
2024-10-11 01:02:55,824 - DEBUG - boxes{}
2024-10-11 01:02:55,878 - DEBUG - boxes{}
2024-10-11 01:02:55,899 - DEBUG - boxes{}
2024-10-11 01:02:55,963 - DEBUG - boxes{}
2024-10-11 01:02:55,984 - DEBUG - boxes{}
2024-10-11 01:02:56,005 - DEBUG - boxes{}
2024-10-11 01:02:56,025 - DEBUG - boxes{}
2024-10-11 01:02:56,070 - DEBUG - boxes{}
2024-10-11 01:02:56,092 - DEBUG - boxes{}
2024-10-11 01:02:56,134 - DEBUG - boxes{}
2024-10-11 01:02:56,160 - DEBUG - boxes{}
2024-10-11 01:02:56,194 - DEBUG - boxes{}
2024-10-11 01:02:56,221 - DEBUG - boxes{}
2024-10-11 01:02:56,262 - DEBUG - boxes{}
2024-10-11 01:02:56,290 - DEBUG - boxes{}
2024-10-11 01:02:56,325 - DEBUG - boxes{}
2024-10-11 01:02:56,358 - DEBUG - boxes{}
2024-10-11 01:02:56,393 - DEBUG - boxes{}
2024-10-11 01:02:56,422 - DEBUG - boxes{}
2024-10-11 01:02:56,459 - DEBUG - boxes{}
2024-10-11 01:02:56,490 - DEBUG - boxes{}
2024-10-11 01:02:56,524 - DEBUG - boxes{}
2024-10-11 01:02:56,557 - DEBUG - boxes{}
2024-10-11 01:02:56,591 - DEBUG - boxes{}
2024-10-11 01:02:56,627 - DEBUG - boxes{}
2024-10-11 01:02:56,667 - DEBUG - boxes{}
2024-10-11 01:02:56,697 - DEBUG - boxes{}
2024-10-11 01:02:56,723 - DEBUG - boxes{}
2024-10-11 01:02:56,753 - DEBUG - boxes{}
2024-10-11 01:02:56,791 - DEBUG - boxes{}
2024-10-11 01:02:56,830 - DEBUG - boxes{}
2024-10-11 01:02:56,865 - DEBUG - boxes{}
2024-10-11 01:02:56,894 - DEBUG - boxes{}
2024-10-11 01:02:56,925 - DEBUG - boxes{}
2024-10-11 01:02:56,963 - DEBUG - boxes{}
2024-10-11 01:02:56,992 - DEBUG - boxes{}
2024-10-11 01:02:57,026 - DEBUG - boxes{}
2024-10-11 01:02:57,059 - DEBUG - boxes{}
2024-10-11 01:02:57,089 - DEBUG - boxes{}
2024-10-11 01:02:57,125 - DEBUG - boxes{}
2024-10-11 01:02:57,160 - DEBUG - boxes{}
2024-10-11 01:02:57,191 - DEBUG - boxes{}
2024-10-11 01:02:57,223 - DEBUG - boxes{}
2024-10-11 01:02:57,262 - DEBUG - boxes{}
2024-10-11 01:02:57,289 - DEBUG - boxes{}
2024-10-11 01:02:57,324 - DEBUG - boxes{}
2024-10-11 01:02:57,358 - DEBUG - boxes{}
2024-10-11 01:02:57,392 - DEBUG - boxes{}
2024-10-11 01:02:57,423 - DEBUG - boxes{}
2024-10-11 01:02:57,467 - DEBUG - boxes{}
2024-10-11 01:02:57,491 - DEBUG - boxes{}
2024-10-11 01:02:57,532 - DEBUG - boxes{}
2024-10-11 01:02:57,561 - DEBUG - boxes{}
2024-10-11 01:02:57,597 - DEBUG - boxes{}
2024-10-11 01:02:57,623 - DEBUG - boxes{}
2024-10-11 01:02:57,667 - DEBUG - boxes{}
2024-10-11 01:02:57,691 - DEBUG - boxes{}
2024-10-11 01:02:57,737 - DEBUG - boxes{}
2024-10-11 01:02:57,760 - DEBUG - boxes{}
2024-10-11 01:02:57,796 - DEBUG - boxes{}
2024-10-11 01:02:57,823 - DEBUG - boxes{}
2024-10-11 01:02:57,861 - DEBUG - boxes{}
2024-10-11 01:02:57,895 - DEBUG - boxes{}
2024-10-11 01:02:57,934 - DEBUG - boxes{}
2024-10-11 01:02:57,957 - DEBUG - boxes{}
2024-10-11 01:02:57,993 - DEBUG - boxes{}
2024-10-11 01:02:58,023 - DEBUG - boxes{}
2024-10-11 01:02:58,065 - DEBUG - boxes{}
2024-10-11 01:02:58,090 - DEBUG - boxes{}
2024-10-11 01:02:58,125 - DEBUG - boxes{}
2024-10-11 01:02:58,158 - DEBUG - boxes{}
2024-10-11 01:02:58,194 - DEBUG - boxes{}
2024-10-11 01:02:58,224 - DEBUG - boxes{}
2024-10-11 01:02:58,260 - DEBUG - boxes{}
2024-10-11 01:02:58,289 - DEBUG - boxes{}
2024-10-11 01:02:58,327 - DEBUG - boxes{}
2024-10-11 01:02:58,365 - DEBUG - boxes{}
2024-10-11 01:02:58,392 - DEBUG - boxes{}
2024-10-11 01:02:58,433 - DEBUG - boxes{}
2024-10-11 01:02:58,461 - DEBUG - boxes{}
2024-10-11 01:02:58,500 - DEBUG - boxes{}
2024-10-11 01:02:58,526 - DEBUG - boxes{}
2024-10-11 01:02:58,563 - DEBUG - boxes{}
2024-10-11 01:02:58,591 - DEBUG - boxes{}
2024-10-11 01:02:58,625 - DEBUG - boxes{}
2024-10-11 01:02:58,661 - DEBUG - boxes{}
2024-10-11 01:02:58,689 - DEBUG - boxes{}
2024-10-11 01:02:58,724 - DEBUG - boxes{}
2024-10-11 01:02:58,762 - DEBUG - boxes{}
2024-10-11 01:02:58,790 - DEBUG - boxes{}
2024-10-11 01:02:58,823 - DEBUG - boxes{}
2024-10-11 01:02:58,860 - DEBUG - boxes{}
2024-10-11 01:02:58,890 - DEBUG - boxes{}
2024-10-11 01:02:58,941 - DEBUG - boxes{}
2024-10-11 01:02:58,961 - DEBUG - boxes{}
2024-10-11 01:02:58,992 - DEBUG - boxes{}
2024-10-11 01:02:59,025 - DEBUG - boxes{}
2024-10-11 01:02:59,070 - DEBUG - boxes{}
2024-10-11 01:02:59,091 - DEBUG - boxes{}
2024-10-11 01:02:59,130 - DEBUG - boxes{}
2024-10-11 01:02:59,159 - DEBUG - boxes{}
2024-10-11 01:02:59,198 - DEBUG - boxes{}
2024-10-11 01:02:59,224 - DEBUG - boxes{}
2024-10-11 01:02:59,268 - DEBUG - boxes{}
2024-10-11 01:02:59,290 - DEBUG - boxes{}
2024-10-11 01:02:59,330 - DEBUG - boxes{}
2024-10-11 01:02:59,362 - DEBUG - boxes{}
2024-10-11 01:02:59,396 - DEBUG - boxes{}
2024-10-11 01:02:59,423 - DEBUG - boxes{}
2024-10-11 01:02:59,462 - DEBUG - boxes{}
2024-10-11 01:02:59,490 - DEBUG - boxes{}
2024-10-11 01:02:59,526 - DEBUG - boxes{}
2024-10-11 01:02:59,559 - DEBUG - boxes{}
2024-10-11 01:02:59,591 - DEBUG - boxes{}
2024-10-11 01:02:59,625 - DEBUG - boxes{}
2024-10-11 01:02:59,660 - DEBUG - boxes{}
2024-10-11 01:02:59,694 - DEBUG - boxes{}
2024-10-11 01:02:59,725 - DEBUG - boxes{}
2024-10-11 01:02:59,759 - DEBUG - boxes{}
2024-10-11 01:02:59,792 - DEBUG - boxes{}
2024-10-11 01:02:59,822 - DEBUG - boxes{}
2024-10-11 01:02:59,875 - DEBUG - boxes{}
2024-10-11 01:02:59,896 - DEBUG - boxes{}
2024-10-11 01:02:59,925 - DEBUG - boxes{}
2024-10-11 01:02:59,966 - DEBUG - boxes{}
2024-10-11 01:02:59,991 - DEBUG - boxes{}
2024-10-11 01:03:00,035 - DEBUG - boxes{}
2024-10-11 01:03:00,097 - DEBUG - boxes{}
2024-10-11 01:03:00,117 - DEBUG - boxes{}
2024-10-11 01:03:00,138 - DEBUG - boxes{}
2024-10-11 01:03:00,163 - DEBUG - boxes{}
2024-10-11 01:03:00,192 - DEBUG - boxes{}
2024-10-11 01:03:00,225 - DEBUG - boxes{}
2024-10-11 01:03:00,260 - DEBUG - boxes{}
2024-10-11 01:03:00,317 - DEBUG - boxes{}
2024-10-11 01:03:00,339 - DEBUG - boxes{}
2024-10-11 01:03:00,364 - DEBUG - boxes{}
2024-10-11 01:03:00,393 - DEBUG - boxes{}
2024-10-11 01:03:00,423 - DEBUG - boxes{}
2024-10-11 01:03:00,460 - DEBUG - boxes{}
2024-10-11 01:03:00,489 - DEBUG - boxes{}
2024-10-11 01:03:00,538 - DEBUG - boxes{}
2024-10-11 01:03:00,559 - DEBUG - boxes{}
2024-10-11 01:03:00,602 - DEBUG - boxes{}
2024-10-11 01:03:00,626 - DEBUG - boxes{}
2024-10-11 01:03:00,668 - DEBUG - boxes{}
2024-10-11 01:03:00,692 - DEBUG - boxes{}
2024-10-11 01:03:00,760 - DEBUG - boxes{}
2024-10-11 01:03:00,781 - DEBUG - boxes{}
2024-10-11 01:03:00,801 - DEBUG - boxes{}
2024-10-11 01:03:00,824 - DEBUG - boxes{}
2024-10-11 01:03:00,871 - DEBUG - boxes{}
2024-10-11 01:03:00,891 - DEBUG - boxes{}
2024-10-11 01:03:00,937 - DEBUG - boxes{}
2024-10-11 01:03:00,981 - DEBUG - boxes{}
2024-10-11 01:03:01,002 - DEBUG - boxes{}
2024-10-11 01:03:01,025 - DEBUG - boxes{}
2024-10-11 01:03:01,065 - DEBUG - boxes{}
2024-10-11 01:03:01,090 - DEBUG - boxes{}
2024-10-11 01:03:01,122 - DEBUG - boxes{}
2024-10-11 01:03:01,159 - DEBUG - boxes{}
2024-10-11 01:03:01,193 - DEBUG - boxes{}
2024-10-11 01:03:01,224 - DEBUG - boxes{}
2024-10-11 01:03:01,259 - DEBUG - boxes{}
2024-10-11 01:03:01,293 - DEBUG - boxes{}
2024-10-11 01:03:01,328 - DEBUG - boxes{}
2024-10-11 01:03:01,358 - DEBUG - boxes{}
2024-10-11 01:03:01,390 - DEBUG - boxes{}
2024-10-11 01:03:01,424 - DEBUG - boxes{}
2024-10-11 01:03:01,461 - DEBUG - boxes{}
2024-10-11 01:03:01,488 - DEBUG - boxes{}
2024-10-11 01:03:01,526 - DEBUG - boxes{}
2024-10-11 01:03:01,566 - DEBUG - boxes{}
2024-10-11 01:03:01,595 - DEBUG - boxes{}
2024-10-11 01:03:01,631 - DEBUG - boxes{}
2024-10-11 01:03:01,660 - DEBUG - boxes{}
2024-10-11 01:03:01,697 - DEBUG - boxes{}
2024-10-11 01:03:01,724 - DEBUG - boxes{}
2024-10-11 01:03:01,766 - DEBUG - boxes{}
2024-10-11 01:03:01,791 - DEBUG - boxes{}
2024-10-11 01:03:01,826 - DEBUG - boxes{}
2024-10-11 01:03:01,859 - DEBUG - boxes{}
2024-10-11 01:03:01,893 - DEBUG - boxes{}
2024-10-11 01:03:01,924 - DEBUG - boxes{}
2024-10-11 01:03:01,959 - DEBUG - boxes{}
2024-10-11 01:03:01,992 - DEBUG - boxes{}
2024-10-11 01:03:02,029 - DEBUG - boxes{}
2024-10-11 01:03:02,059 - DEBUG - boxes{}
2024-10-11 01:03:02,125 - DEBUG - boxes{}
2024-10-11 01:03:02,159 - DEBUG - boxes{}
2024-10-11 01:03:02,209 - DEBUG - boxes{}
2024-10-11 01:03:02,230 - DEBUG - boxes{}
2024-10-11 01:03:02,271 - DEBUG - boxes{}
2024-10-11 01:03:02,291 - DEBUG - boxes{}
2024-10-11 01:03:02,340 - DEBUG - boxes{}
2024-10-11 01:03:02,363 - DEBUG - boxes{}
2024-10-11 01:03:02,402 - DEBUG - boxes{}
2024-10-11 01:03:02,424 - DEBUG - boxes{}
2024-10-11 01:03:02,471 - DEBUG - boxes{}
2024-10-11 01:03:02,492 - DEBUG - boxes{}
2024-10-11 01:03:02,532 - DEBUG - boxes{}
2024-10-11 01:03:02,559 - DEBUG - boxes{}
2024-10-11 01:03:02,595 - DEBUG - boxes{}
2024-10-11 01:03:02,623 - DEBUG - boxes{}
2024-10-11 01:03:02,661 - DEBUG - boxes{}
2024-10-11 01:03:02,688 - DEBUG - boxes{}
2024-10-11 01:03:02,728 - DEBUG - boxes{}
2024-10-11 01:03:02,760 - DEBUG - boxes{}
2024-10-11 01:03:02,791 - DEBUG - boxes{}
2024-10-11 01:03:02,828 - DEBUG - boxes{}
2024-10-11 01:03:02,862 - DEBUG - boxes{}
2024-10-11 01:03:02,889 - DEBUG - boxes{}
2024-10-11 01:03:02,927 - DEBUG - boxes{}
2024-10-11 01:03:02,960 - DEBUG - boxes{}
2024-10-11 01:03:02,992 - DEBUG - boxes{}
2024-10-11 01:03:03,023 - DEBUG - boxes{}
2024-10-11 01:03:03,063 - DEBUG - boxes{}
2024-10-11 01:03:03,101 - DEBUG - boxes{}
2024-10-11 01:03:03,125 - DEBUG - boxes{}
2024-10-11 01:03:03,166 - DEBUG - boxes{}
2024-10-11 01:03:03,192 - DEBUG - boxes{}
2024-10-11 01:03:03,233 - DEBUG - boxes{}
2024-10-11 01:03:03,260 - DEBUG - boxes{}
2024-10-11 01:03:03,300 - DEBUG - boxes{}
2024-10-11 01:03:03,326 - DEBUG - boxes{}
2024-10-11 01:03:03,364 - DEBUG - boxes{}
2024-10-11 01:03:03,391 - DEBUG - boxes{}
2024-10-11 01:03:03,430 - DEBUG - boxes{}
2024-10-11 01:03:03,461 - DEBUG - boxes{}
2024-10-11 01:03:03,491 - DEBUG - boxes{}
2024-10-11 01:03:03,524 - DEBUG - boxes{}
2024-10-11 01:03:03,560 - DEBUG - boxes{}
2024-10-11 01:03:03,593 - DEBUG - boxes{}
2024-10-11 01:03:03,626 - DEBUG - boxes{}
2024-10-11 01:03:03,660 - DEBUG - boxes{}
2024-10-11 01:03:03,692 - DEBUG - boxes{}
2024-10-11 01:03:03,727 - DEBUG - boxes{}
2024-10-11 01:03:03,758 - DEBUG - boxes{}
2024-10-11 01:03:03,790 - DEBUG - boxes{}
2024-10-11 01:03:03,827 - DEBUG - boxes{}
2024-10-11 01:03:03,881 - DEBUG - boxes{}
2024-10-11 01:03:03,901 - DEBUG - boxes{}
2024-10-11 01:03:03,938 - DEBUG - boxes{}
2024-10-11 01:03:03,962 - DEBUG - boxes{}
2024-10-11 01:03:03,999 - DEBUG - boxes{}
2024-10-11 01:03:04,024 - DEBUG - boxes{}
2024-10-11 01:03:04,073 - DEBUG - boxes{}
2024-10-11 01:03:04,094 - DEBUG - boxes{}
2024-10-11 01:03:04,134 - DEBUG - boxes{}
2024-10-11 01:03:04,161 - DEBUG - boxes{}
2024-10-11 01:03:04,200 - DEBUG - boxes{}
2024-10-11 01:03:04,226 - DEBUG - boxes{}
2024-10-11 01:03:04,263 - DEBUG - boxes{}
2024-10-11 01:03:04,291 - DEBUG - boxes{}
2024-10-11 01:03:04,328 - DEBUG - boxes{}
2024-10-11 01:03:04,360 - DEBUG - boxes{}
2024-10-11 01:03:04,392 - DEBUG - boxes{}
2024-10-11 01:03:04,425 - DEBUG - boxes{}
2024-10-11 01:03:04,462 - DEBUG - boxes{}
2024-10-11 01:03:04,491 - DEBUG - boxes{}
2024-10-11 01:03:04,525 - DEBUG - boxes{}
2024-10-11 01:03:04,572 - DEBUG - boxes{}
2024-10-11 01:03:04,593 - DEBUG - boxes{}
2024-10-11 01:03:04,624 - DEBUG - boxes{}
2024-10-11 01:03:04,661 - DEBUG - boxes{}
2024-10-11 01:03:04,689 - DEBUG - boxes{}
2024-10-11 01:03:04,726 - DEBUG - boxes{}
2024-10-11 01:03:04,766 - DEBUG - boxes{}
2024-10-11 01:03:04,795 - DEBUG - boxes{}
2024-10-11 01:03:04,836 - DEBUG - boxes{}
2024-10-11 01:03:04,895 - DEBUG - boxes{}
2024-10-11 01:03:04,915 - DEBUG - boxes{}
2024-10-11 01:03:04,935 - DEBUG - boxes{}
2024-10-11 01:03:04,965 - DEBUG - boxes{}
2024-10-11 01:03:04,990 - DEBUG - boxes{}
2024-10-11 01:03:05,031 - DEBUG - boxes{}
2024-10-11 01:03:05,057 - DEBUG - boxes{}
2024-10-11 01:03:05,117 - DEBUG - boxes{}
2024-10-11 01:03:05,137 - DEBUG - boxes{}
2024-10-11 01:03:05,159 - DEBUG - boxes{}
2024-10-11 01:03:05,193 - DEBUG - boxes{}
2024-10-11 01:03:05,225 - DEBUG - boxes{}
2024-10-11 01:03:05,261 - DEBUG - boxes{}
2024-10-11 01:03:05,291 - DEBUG - boxes{}
2024-10-11 01:03:05,337 - DEBUG - boxes{}
2024-10-11 01:03:05,362 - DEBUG - boxes{}
2024-10-11 01:03:05,390 - DEBUG - boxes{}
2024-10-11 01:03:05,424 - DEBUG - boxes{}
2024-10-11 01:03:05,468 - DEBUG - boxes{}
2024-10-11 01:03:05,490 - DEBUG - boxes{}
2024-10-11 01:03:05,559 - DEBUG - boxes{}
2024-10-11 01:03:05,579 - DEBUG - boxes{}
2024-10-11 01:03:05,601 - DEBUG - boxes{}
2024-10-11 01:03:05,639 - DEBUG - boxes{}
2024-10-11 01:03:05,668 - DEBUG - boxes{}
2024-10-11 01:03:05,704 - DEBUG - boxes{}
2024-10-11 01:03:05,735 - DEBUG - boxes{}
2024-10-11 01:03:05,781 - DEBUG - boxes{}
2024-10-11 01:03:05,802 - DEBUG - boxes{}
2024-10-11 01:03:05,828 - DEBUG - boxes{}
2024-10-11 01:03:05,862 - DEBUG - boxes{}
2024-10-11 01:03:05,894 - DEBUG - boxes{}
2024-10-11 01:03:05,927 - DEBUG - boxes{}
2024-10-11 01:03:06,001 - DEBUG - boxes{}
2024-10-11 01:03:06,022 - DEBUG - boxes{}
2024-10-11 01:03:06,043 - DEBUG - boxes{}
2024-10-11 01:03:06,068 - DEBUG - boxes{}
2024-10-11 01:03:06,091 - DEBUG - boxes{}
2024-10-11 01:03:06,124 - DEBUG - boxes{}
2024-10-11 01:03:06,158 - DEBUG - boxes{}
2024-10-11 01:03:06,191 - DEBUG - boxes{}
2024-10-11 01:03:06,224 - DEBUG - boxes{}
2024-10-11 01:03:06,260 - DEBUG - boxes{}
2024-10-11 01:03:06,307 - DEBUG - boxes{}
2024-10-11 01:03:06,331 - DEBUG - boxes{}
2024-10-11 01:03:06,366 - DEBUG - boxes{}
2024-10-11 01:03:06,462 - DEBUG - boxes{}
2024-10-11 01:03:06,498 - DEBUG - boxes{}
2024-10-11 01:03:06,530 - DEBUG - boxes{}
2024-10-11 01:03:06,567 - DEBUG - boxes{}
2024-10-11 01:03:06,592 - DEBUG - boxes{}
2024-10-11 01:03:06,627 - DEBUG - boxes{}
2024-10-11 01:03:06,662 - DEBUG - boxes{}
2024-10-11 01:03:06,692 - DEBUG - boxes{}
2024-10-11 01:03:06,727 - DEBUG - boxes{}
2024-10-11 01:03:06,759 - DEBUG - boxes{}
2024-10-11 01:03:06,793 - DEBUG - boxes{}
2024-10-11 01:03:06,825 - DEBUG - boxes{}
2024-10-11 01:03:06,861 - DEBUG - boxes{}
2024-10-11 01:03:06,894 - DEBUG - boxes{}
2024-10-11 01:03:06,928 - DEBUG - boxes{}
2024-10-11 01:03:06,959 - DEBUG - boxes{}
2024-10-11 01:03:06,996 - DEBUG - boxes{}
2024-10-11 01:03:07,023 - DEBUG - boxes{}
2024-10-11 01:03:07,072 - DEBUG - boxes{}
2024-10-11 01:03:07,094 - DEBUG - boxes{}
2024-10-11 01:03:07,138 - DEBUG - boxes{}
2024-10-11 01:03:07,161 - DEBUG - boxes{}
2024-10-11 01:03:07,201 - DEBUG - boxes{}
2024-10-11 01:03:07,224 - DEBUG - boxes{}
2024-10-11 01:03:07,270 - DEBUG - boxes{}
2024-10-11 01:03:07,400 - DEBUG - boxes{}
2024-10-11 01:03:07,426 - DEBUG - boxes{}
2024-10-11 01:03:07,464 - DEBUG - boxes{}
2024-10-11 01:03:07,860 - DEBUG - boxes{}
2024-10-11 01:03:07,889 - DEBUG - boxes{}
2024-10-11 01:03:07,925 - DEBUG - boxes{}
2024-10-11 01:03:07,965 - DEBUG - boxes{}
2024-10-11 01:03:08,042 - DEBUG - boxes{}
2024-10-11 01:03:08,063 - DEBUG - boxes{}
2024-10-11 01:03:08,096 - DEBUG - boxes{}
2024-10-11 01:03:08,125 - DEBUG - boxes{}
2024-10-11 01:03:08,165 - DEBUG - boxes{}
2024-10-11 01:03:08,190 - DEBUG - boxes{}
2024-10-11 01:03:08,227 - DEBUG - boxes{}
2024-10-11 01:03:08,261 - DEBUG - boxes{}
2024-10-11 01:03:08,292 - DEBUG - boxes{}
2024-10-11 01:03:08,325 - DEBUG - boxes{}
2024-10-11 01:03:08,360 - DEBUG - boxes{}
2024-10-11 01:03:08,392 - DEBUG - boxes{}
2024-10-11 01:03:08,423 - DEBUG - boxes{}
2024-10-11 01:03:08,459 - DEBUG - boxes{}
2024-10-11 01:03:08,797 - DEBUG - boxes{}
2024-10-11 01:03:08,959 - DEBUG - boxes{}
2024-10-11 01:03:08,997 - DEBUG - boxes{}
2024-10-11 01:03:09,028 - DEBUG - boxes{}
2024-10-11 01:03:09,069 - DEBUG - boxes{}
2024-10-11 01:03:09,091 - DEBUG - boxes{}
2024-10-11 01:03:09,125 - DEBUG - boxes{}
2024-10-11 01:03:09,160 - DEBUG - boxes{}
2024-10-11 01:03:09,191 - DEBUG - boxes{}
2024-10-11 01:03:09,662 - DEBUG - boxes{}
2024-10-11 01:03:09,800 - DEBUG - boxes{}
2024-10-11 01:03:09,865 - DEBUG - boxes{}
2024-10-11 01:03:09,918 - DEBUG - boxes{}
2024-10-11 01:03:09,938 - DEBUG - boxes{}
2024-10-11 01:03:09,992 - DEBUG - boxes{}
2024-10-11 01:03:10,060 - DEBUG - boxes{}
2024-10-11 01:03:10,135 - DEBUG - boxes{}
2024-10-11 01:03:10,191 - DEBUG - boxes{}
2024-10-11 01:03:10,256 - DEBUG - boxes{}
2024-10-11 01:03:10,721 - DEBUG - boxes{}
2024-10-11 01:03:10,802 - DEBUG - boxes{}
2024-10-11 01:03:10,859 - DEBUG - boxes{}
2024-10-11 01:03:10,924 - DEBUG - boxes{}
2024-10-11 01:03:11,192 - DEBUG - boxes{}
2024-10-11 01:03:11,255 - DEBUG - boxes{}
2024-10-11 01:03:11,391 - DEBUG - boxes{}
2024-10-11 01:03:11,456 - DEBUG - boxes{}
2024-10-11 01:03:11,524 - DEBUG - boxes{}
2024-10-11 01:03:11,592 - DEBUG - boxes{}
2024-10-11 01:03:11,657 - DEBUG - boxes{}
2024-10-11 01:03:11,723 - DEBUG - boxes{}
2024-10-11 01:03:11,792 - DEBUG - boxes{}
2024-10-11 01:03:11,857 - DEBUG - boxes{}
2024-10-11 01:03:11,922 - DEBUG - boxes{}
2024-10-11 01:03:12,000 - DEBUG - boxes{}
2024-10-11 01:03:12,062 - DEBUG - boxes{}
2024-10-11 01:03:12,132 - DEBUG - boxes{}
2024-10-11 01:03:12,198 - DEBUG - boxes{}
2024-10-11 01:03:12,259 - DEBUG - boxes{}
2024-10-11 01:03:12,321 - DEBUG - boxes{}
2024-10-11 01:03:12,393 - DEBUG - boxes{}
2024-10-11 01:03:12,456 - DEBUG - boxes{}
2024-10-11 01:03:12,525 - DEBUG - boxes{}
2024-10-11 01:03:12,657 - DEBUG - boxes{}
2024-10-11 01:03:12,725 - DEBUG - boxes{}
2024-10-11 01:03:12,792 - DEBUG - boxes{}
2024-10-11 01:03:12,856 - DEBUG - boxes{}
2024-10-11 01:03:12,924 - DEBUG - boxes{}
2024-10-11 01:03:13,122 - DEBUG - boxes{}
2024-10-11 01:03:13,192 - DEBUG - boxes{}
2024-10-11 01:03:13,256 - DEBUG - boxes{}
2024-10-11 01:03:13,328 - DEBUG - boxes{}
2024-10-11 01:03:13,392 - DEBUG - boxes{}
2024-10-11 01:03:13,456 - DEBUG - boxes{}
2024-10-11 01:03:13,522 - DEBUG - boxes{}
2024-10-11 01:03:13,600 - DEBUG - boxes{}
2024-10-11 01:03:13,665 - DEBUG - boxes{}
2024-10-11 01:03:13,732 - DEBUG - boxes{}
2024-10-11 01:03:13,798 - DEBUG - boxes{}
2024-10-11 01:03:13,859 - DEBUG - boxes{}
2024-10-11 01:03:13,922 - DEBUG - boxes{}
2024-10-11 01:03:13,993 - DEBUG - boxes{}
2024-10-11 01:03:14,055 - DEBUG - boxes{}
2024-10-11 01:03:14,124 - DEBUG - boxes{}
2024-10-11 01:03:14,192 - DEBUG - boxes{}
2024-10-11 01:03:14,257 - DEBUG - boxes{}
2024-10-11 01:03:14,322 - DEBUG - boxes{}
2024-10-11 01:03:14,392 - DEBUG - boxes{}
2024-10-11 01:03:14,455 - DEBUG - boxes{}
2024-10-11 01:03:14,523 - DEBUG - boxes{}
2024-10-11 01:03:14,592 - DEBUG - boxes{}
2024-10-11 01:03:14,656 - DEBUG - boxes{}
2024-10-11 01:03:14,723 - DEBUG - boxes{}
2024-10-11 01:03:14,793 - DEBUG - boxes{}
2024-10-11 01:03:14,857 - DEBUG - boxes{}
2024-10-11 01:03:14,935 - DEBUG - boxes{}
2024-10-11 01:03:14,992 - DEBUG - boxes{}
2024-10-11 01:03:15,057 - DEBUG - boxes{}
2024-10-11 01:03:15,160 - DEBUG - boxes{}
2024-10-11 01:03:15,199 - DEBUG - boxes{}
2024-10-11 01:03:15,262 - DEBUG - boxes{}
2024-10-11 01:03:15,331 - DEBUG - boxes{}
2024-10-11 01:03:15,398 - DEBUG - boxes{}
2024-10-11 01:03:15,459 - DEBUG - boxes{}
2024-10-11 01:03:15,521 - DEBUG - boxes{}
2024-10-11 01:03:15,655 - DEBUG - boxes{}
2024-10-11 01:03:15,923 - DEBUG - boxes{}
2024-10-11 01:03:15,992 - DEBUG - boxes{}
2024-10-11 01:03:16,055 - DEBUG - boxes{}
2024-10-11 01:03:16,123 - DEBUG - boxes{}
2024-10-11 01:03:16,191 - DEBUG - boxes{}
2024-10-11 01:03:16,257 - DEBUG - boxes{}
2024-10-11 01:03:16,323 - DEBUG - boxes{}
2024-10-11 01:03:16,393 - DEBUG - boxes{}
2024-10-11 01:03:16,455 - DEBUG - boxes{}
2024-10-11 01:03:16,526 - DEBUG - boxes{}
2024-10-11 01:03:16,592 - DEBUG - boxes{}
2024-10-11 01:03:16,658 - DEBUG - boxes{}
2024-10-11 01:03:16,723 - DEBUG - boxes{}
2024-10-11 01:03:16,801 - DEBUG - boxes{}
2024-10-11 01:03:16,863 - DEBUG - boxes{}
2024-10-11 01:03:16,935 - DEBUG - boxes{}
2024-10-11 01:03:16,997 - DEBUG - boxes{}
2024-10-11 01:03:17,062 - DEBUG - boxes{}
2024-10-11 01:03:17,122 - DEBUG - boxes{}
2024-10-11 01:03:17,192 - DEBUG - boxes{}
2024-10-11 01:03:17,256 - DEBUG - boxes{}
2024-10-11 01:03:17,324 - DEBUG - boxes{}
2024-10-11 01:03:17,391 - DEBUG - boxes{}
2024-10-11 01:03:17,723 - DEBUG - boxes{}
2024-10-11 01:03:17,792 - DEBUG - boxes{}
2024-10-11 01:03:17,860 - DEBUG - boxes{}
2024-10-11 01:03:17,921 - DEBUG - boxes{}
2024-10-11 01:03:17,992 - DEBUG - boxes{}
2024-10-11 01:03:18,055 - DEBUG - boxes{}
2024-10-11 01:03:18,123 - DEBUG - boxes{}
2024-10-11 01:03:18,192 - DEBUG - boxes{}
2024-10-11 01:03:18,257 - DEBUG - boxes{}
2024-10-11 01:03:18,322 - DEBUG - boxes{}
2024-10-11 01:03:18,400 - DEBUG - boxes{}
2024-10-11 01:03:18,463 - DEBUG - boxes{}
2024-10-11 01:03:18,533 - DEBUG - boxes{}
2024-10-11 01:03:18,596 - DEBUG - boxes{}
2024-10-11 01:03:18,722 - DEBUG - boxes{}
2024-10-11 01:03:18,794 - DEBUG - boxes{}
2024-10-11 01:03:18,855 - DEBUG - boxes{}
2024-10-11 01:03:18,926 - DEBUG - boxes{}
2024-10-11 01:03:18,992 - DEBUG - boxes{}
2024-10-11 01:03:19,058 - DEBUG - boxes{}
2024-10-11 01:03:19,122 - DEBUG - boxes{}
2024-10-11 01:03:19,193 - DEBUG - boxes{}
2024-10-11 01:03:19,256 - DEBUG - boxes{}
2024-10-11 01:03:19,325 - DEBUG - boxes{}
2024-10-11 01:03:19,392 - DEBUG - boxes{}
2024-10-11 01:03:19,458 - DEBUG - boxes{}
2024-10-11 01:03:19,523 - DEBUG - boxes{}
2024-10-11 01:03:19,592 - DEBUG - boxes{}
2024-10-11 01:03:19,658 - DEBUG - boxes{}
2024-10-11 01:03:19,726 - DEBUG - boxes{}
2024-10-11 01:03:19,792 - DEBUG - boxes{}
2024-10-11 01:03:19,857 - DEBUG - boxes{}
2024-10-11 01:03:19,957 - DEBUG - boxes{}
2024-10-11 01:03:19,998 - DEBUG - boxes{}
2024-10-11 01:03:20,062 - DEBUG - boxes{}
2024-10-11 01:03:20,132 - DEBUG - boxes{}
2024-10-11 01:03:20,197 - DEBUG - boxes{}
2024-10-11 01:03:20,261 - DEBUG - boxes{}
2024-10-11 01:03:20,323 - DEBUG - boxes{}
2024-10-11 01:03:20,397 - DEBUG - boxes{}
2024-10-11 01:03:20,457 - DEBUG - boxes{}
2024-10-11 01:03:20,524 - DEBUG - boxes{}
2024-10-11 01:03:20,618 - DEBUG - boxes{}
2024-10-11 01:03:20,656 - DEBUG - boxes{}
2024-10-11 01:03:20,723 - DEBUG - boxes{}
2024-10-11 01:03:20,793 - DEBUG - boxes{}
2024-10-11 01:03:20,855 - DEBUG - boxes{}
2024-10-11 01:03:20,926 - DEBUG - boxes{}
2024-10-11 01:03:20,995 - DEBUG - boxes{}
2024-10-11 01:03:21,064 - DEBUG - boxes{}
2024-10-11 01:03:21,122 - DEBUG - boxes{}
2024-10-11 01:03:21,192 - DEBUG - boxes{}
2024-10-11 01:03:21,256 - DEBUG - boxes{}
2024-10-11 01:03:21,324 - DEBUG - boxes{}
2024-10-11 01:03:21,391 - DEBUG - boxes{}
2024-10-11 01:03:21,458 - DEBUG - boxes{}
2024-10-11 01:03:21,522 - DEBUG - boxes{}
2024-10-11 01:03:21,598 - DEBUG - boxes{}
2024-10-11 01:03:21,667 - DEBUG - boxes{}
2024-10-11 01:03:21,745 - DEBUG - boxes{}
2024-10-11 01:03:21,798 - DEBUG - boxes{}
2024-10-11 01:03:21,859 - DEBUG - boxes{}
2024-10-11 01:03:21,923 - DEBUG - boxes{}
2024-10-11 01:03:21,996 - DEBUG - boxes{}
2024-10-11 01:03:22,060 - DEBUG - boxes{}
2024-10-11 01:03:22,123 - DEBUG - boxes{}
2024-10-11 01:03:22,192 - DEBUG - boxes{}
2024-10-11 01:03:22,257 - DEBUG - boxes{}
2024-10-11 01:03:22,322 - DEBUG - boxes{}
2024-10-11 01:03:22,393 - DEBUG - boxes{}
2024-10-11 01:03:22,456 - DEBUG - boxes{}
2024-10-11 01:03:22,524 - DEBUG - boxes{}
2024-10-11 01:03:22,592 - DEBUG - boxes{}
2024-10-11 01:03:22,657 - DEBUG - boxes{}
2024-10-11 01:03:22,792 - DEBUG - boxes{}
2024-10-11 01:03:22,856 - DEBUG - boxes{}
2024-10-11 01:03:23,200 - DEBUG - boxes{}
2024-10-11 01:03:23,593 - DEBUG - boxes{}
2024-10-11 01:03:23,656 - DEBUG - boxes{}
2024-10-11 01:03:24,037 - DEBUG - boxes{}
2024-10-11 01:03:24,057 - DEBUG - boxes{}
2024-10-11 01:03:24,101 - DEBUG - boxes{}
2024-10-11 01:03:24,127 - DEBUG - boxes{}
2024-10-11 01:03:24,170 - DEBUG - boxes{}
2024-10-11 01:03:24,194 - DEBUG - boxes{}
2024-10-11 01:03:24,235 - DEBUG - boxes{}
2024-10-11 01:03:24,257 - DEBUG - boxes{}
2024-10-11 01:03:24,294 - DEBUG - boxes{}
2024-10-11 01:03:24,329 - DEBUG - boxes{}
2024-10-11 01:03:24,360 - DEBUG - boxes{}
2024-10-11 01:03:24,391 - DEBUG - boxes{}
2024-10-11 01:03:24,429 - DEBUG - boxes{}
2024-10-11 01:03:24,749 - DEBUG - boxes{}
2024-10-11 01:03:24,838 - DEBUG - boxes{}
2024-10-11 01:03:24,859 - DEBUG - boxes{}
2024-10-11 01:03:24,882 - DEBUG - boxes{}
2024-10-11 01:03:24,903 - DEBUG - boxes{}
2024-10-11 01:03:24,924 - DEBUG - boxes{}
2024-10-11 01:03:24,946 - DEBUG - boxes{}
2024-10-11 01:03:24,965 - DEBUG - boxes{}
2024-10-11 01:03:24,985 - DEBUG - boxes{}
2024-10-11 01:03:25,006 - DEBUG - boxes{}
2024-10-11 01:03:25,026 - DEBUG - boxes{}
2024-10-11 01:03:25,047 - DEBUG - boxes{}
2024-10-11 01:03:25,068 - DEBUG - boxes{}
2024-10-11 01:03:25,088 - DEBUG - boxes{}
2024-10-11 01:03:25,109 - DEBUG - boxes{}
2024-10-11 01:03:25,130 - DEBUG - boxes{}
2024-10-11 01:03:25,150 - DEBUG - boxes{}
2024-10-11 01:03:25,171 - DEBUG - boxes{}
2024-10-11 01:03:25,192 - DEBUG - boxes{}
2024-10-11 01:03:25,214 - DEBUG - boxes{}
2024-10-11 01:03:25,235 - DEBUG - boxes{}
2024-10-11 01:03:25,260 - DEBUG - boxes{}
2024-10-11 01:03:25,285 - DEBUG - boxes{}
2024-10-11 01:03:25,309 - DEBUG - boxes{}
2024-10-11 01:03:25,330 - DEBUG - boxes{}
2024-10-11 01:03:25,351 - DEBUG - boxes{}
2024-10-11 01:03:25,372 - DEBUG - boxes{}
2024-10-11 01:03:25,420 - DEBUG - boxes{}
2024-10-11 01:03:25,442 - DEBUG - boxes{}
2024-10-11 01:03:25,461 - DEBUG - boxes{}
2024-10-11 01:03:25,490 - DEBUG - boxes{}
2024-10-11 01:03:25,526 - DEBUG - boxes{}
2024-10-11 01:03:25,566 - DEBUG - boxes{}
2024-10-11 01:03:25,589 - DEBUG - boxes{}
2024-10-11 01:03:25,639 - DEBUG - boxes{}
2024-10-11 01:03:25,660 - DEBUG - boxes{}
2024-10-11 01:03:25,698 - DEBUG - boxes{}
2024-10-11 01:03:25,726 - DEBUG - boxes{}
2024-10-11 01:03:25,765 - DEBUG - boxes{}
2024-10-11 01:03:25,790 - DEBUG - boxes{}
2024-10-11 01:03:25,863 - DEBUG - boxes{}
2024-10-11 01:03:25,884 - DEBUG - boxes{}
2024-10-11 01:03:25,905 - DEBUG - boxes{}
2024-10-11 01:03:25,926 - DEBUG - boxes{}
2024-10-11 01:03:25,962 - DEBUG - boxes{}
2024-10-11 01:03:25,992 - DEBUG - boxes{}
2024-10-11 01:03:26,027 - DEBUG - boxes{}
2024-10-11 01:03:26,081 - DEBUG - boxes{}
2024-10-11 01:03:26,102 - DEBUG - boxes{}
2024-10-11 01:03:26,126 - DEBUG - boxes{}
2024-10-11 01:03:26,155 - DEBUG - boxes{}
2024-10-11 01:03:26,191 - DEBUG - boxes{}
2024-10-11 01:03:26,225 - DEBUG - boxes{}
2024-10-11 01:03:26,258 - DEBUG - boxes{}
2024-10-11 01:03:26,288 - DEBUG - boxes{}
2024-10-11 01:03:26,333 - DEBUG - boxes{}
2024-10-11 01:03:26,357 - DEBUG - boxes{}
2024-10-11 01:03:26,397 - DEBUG - boxes{}
2024-10-11 01:03:26,426 - DEBUG - boxes{}
2024-10-11 01:03:26,464 - DEBUG - boxes{}
2024-10-11 01:03:26,495 - DEBUG - boxes{}
2024-10-11 01:03:26,534 - DEBUG - boxes{}
2024-10-11 01:03:26,557 - DEBUG - boxes{}
2024-10-11 01:03:26,606 - DEBUG - boxes{}
2024-10-11 01:03:26,628 - DEBUG - boxes{}
2024-10-11 01:03:26,665 - DEBUG - boxes{}
2024-10-11 01:03:26,690 - DEBUG - boxes{}
2024-10-11 01:03:26,729 - DEBUG - boxes{}
2024-10-11 01:03:26,756 - DEBUG - boxes{}
2024-10-11 01:03:26,790 - DEBUG - boxes{}
2024-10-11 01:03:26,825 - DEBUG - boxes{}
2024-10-11 01:03:26,858 - DEBUG - boxes{}
2024-10-11 01:03:26,888 - DEBUG - boxes{}
2024-10-11 01:03:26,934 - DEBUG - boxes{}
2024-10-11 01:03:26,958 - DEBUG - boxes{}
2024-10-11 01:03:26,992 - DEBUG - boxes{}
2024-10-11 01:03:27,026 - DEBUG - boxes{}
2024-10-11 01:03:27,057 - DEBUG - boxes{}
2024-10-11 01:03:27,092 - DEBUG - boxes{}
2024-10-11 01:03:27,126 - DEBUG - boxes{}
2024-10-11 01:03:27,156 - DEBUG - boxes{}
2024-10-11 01:03:27,191 - DEBUG - boxes{}
2024-10-11 01:03:27,234 - DEBUG - boxes{}
2024-10-11 01:03:27,264 - DEBUG - boxes{}
2024-10-11 01:03:27,297 - DEBUG - boxes{}
2024-10-11 01:03:27,326 - DEBUG - boxes{}
2024-10-11 01:03:27,370 - DEBUG - boxes{}
2024-10-11 01:03:27,393 - DEBUG - boxes{}
2024-10-11 01:03:27,433 - DEBUG - boxes{}
2024-10-11 01:03:27,457 - DEBUG - boxes{}
2024-10-11 01:03:27,494 - DEBUG - boxes{}
2024-10-11 01:03:27,528 - DEBUG - boxes{}
2024-10-11 01:03:27,557 - DEBUG - boxes{}
2024-10-11 01:03:27,590 - DEBUG - boxes{}
2024-10-11 01:03:27,626 - DEBUG - boxes{}
2024-10-11 01:03:27,658 - DEBUG - boxes{}
2024-10-11 01:03:27,689 - DEBUG - boxes{}
2024-10-11 01:03:27,726 - DEBUG - boxes{}
2024-10-11 01:03:27,756 - DEBUG - boxes{}
2024-10-11 01:03:27,795 - DEBUG - boxes{}
2024-10-11 01:03:27,826 - DEBUG - boxes{}
2024-10-11 01:03:27,858 - DEBUG - boxes{}
2024-10-11 01:03:27,889 - DEBUG - boxes{}
2024-10-11 01:03:27,933 - DEBUG - boxes{}
2024-10-11 01:03:27,957 - DEBUG - boxes{}
2024-10-11 01:03:28,045 - DEBUG - boxes{}
2024-10-11 01:03:28,066 - DEBUG - boxes{}
2024-10-11 01:03:28,087 - DEBUG - boxes{}
2024-10-11 01:03:28,108 - DEBUG - boxes{}
2024-10-11 01:03:28,134 - DEBUG - boxes{}
2024-10-11 01:03:28,158 - DEBUG - boxes{}
2024-10-11 01:03:28,200 - DEBUG - boxes{}
2024-10-11 01:03:28,224 - DEBUG - boxes{}
2024-10-11 01:03:28,263 - DEBUG - boxes{}
2024-10-11 01:03:28,289 - DEBUG - boxes{}
2024-10-11 01:03:28,335 - DEBUG - boxes{}
2024-10-11 01:03:28,357 - DEBUG - boxes{}
2024-10-11 01:03:28,392 - DEBUG - boxes{}
2024-10-11 01:03:28,425 - DEBUG - boxes{}
2024-10-11 01:03:28,459 - DEBUG - boxes{}
2024-10-11 01:03:28,490 - DEBUG - boxes{}
2024-10-11 01:03:28,526 - DEBUG - boxes{}
2024-10-11 01:03:28,556 - DEBUG - boxes{}
2024-10-11 01:03:28,592 - DEBUG - boxes{}
2024-10-11 01:03:28,627 - DEBUG - boxes{}
2024-10-11 01:03:28,657 - DEBUG - boxes{}
2024-10-11 01:03:28,690 - DEBUG - boxes{}
2024-10-11 01:03:28,730 - DEBUG - boxes{}
2024-10-11 01:03:28,758 - DEBUG - boxes{}
2024-10-11 01:03:28,791 - DEBUG - boxes{}
2024-10-11 01:03:28,832 - DEBUG - boxes{}
2024-10-11 01:03:28,863 - DEBUG - boxes{}
2024-10-11 01:03:28,896 - DEBUG - boxes{}
2024-10-11 01:03:28,929 - DEBUG - boxes{}
2024-10-11 01:03:28,968 - DEBUG - boxes{}
2024-10-11 01:03:28,990 - DEBUG - boxes{}
2024-10-11 01:03:29,043 - DEBUG - boxes{}
2024-10-11 01:03:29,064 - DEBUG - boxes{}
2024-10-11 01:03:29,096 - DEBUG - boxes{}
2024-10-11 01:03:29,126 - DEBUG - boxes{}
2024-10-11 01:03:29,159 - DEBUG - boxes{}
2024-10-11 01:03:29,189 - DEBUG - boxes{}
2024-10-11 01:03:29,232 - DEBUG - boxes{}
2024-10-11 01:03:29,256 - DEBUG - boxes{}
2024-10-11 01:03:29,290 - DEBUG - boxes{}
2024-10-11 01:03:29,326 - DEBUG - boxes{}
2024-10-11 01:03:29,358 - DEBUG - boxes{}
2024-10-11 01:03:29,395 - DEBUG - boxes{}
2024-10-11 01:03:29,427 - DEBUG - boxes{}
2024-10-11 01:03:29,456 - DEBUG - boxes{}
2024-10-11 01:03:29,491 - DEBUG - boxes{}
2024-10-11 01:03:29,534 - DEBUG - boxes{}
2024-10-11 01:03:29,558 - DEBUG - boxes{}
2024-10-11 01:03:29,589 - DEBUG - boxes{}
2024-10-11 01:03:29,628 - DEBUG - boxes{}
2024-10-11 01:03:29,665 - DEBUG - boxes{}
2024-10-11 01:03:29,691 - DEBUG - boxes{}
2024-10-11 01:03:29,733 - DEBUG - boxes{}
2024-10-11 01:03:29,760 - DEBUG - boxes{}
2024-10-11 01:03:29,797 - DEBUG - boxes{}
2024-10-11 01:03:29,826 - DEBUG - boxes{}
2024-10-11 01:03:29,862 - DEBUG - boxes{}
2024-10-11 01:03:29,892 - DEBUG - boxes{}
2024-10-11 01:03:29,930 - DEBUG - boxes{}
2024-10-11 01:03:29,958 - DEBUG - boxes{}
2024-10-11 01:03:29,995 - DEBUG - boxes{}
2024-10-11 01:03:30,027 - DEBUG - boxes{}
2024-10-11 01:03:30,057 - DEBUG - boxes{}
2024-10-11 01:03:30,091 - DEBUG - boxes{}
2024-10-11 01:03:30,130 - DEBUG - boxes{}
2024-10-11 01:03:30,158 - DEBUG - boxes{}
2024-10-11 01:03:30,218 - DEBUG - boxes{}
2024-10-11 01:03:30,239 - DEBUG - boxes{}
2024-10-11 01:03:30,261 - DEBUG - boxes{}
2024-10-11 01:03:30,291 - DEBUG - boxes{}
2024-10-11 01:03:30,328 - DEBUG - boxes{}
2024-10-11 01:03:30,357 - DEBUG - boxes{}
2024-10-11 01:03:30,391 - DEBUG - boxes{}
2024-10-11 01:03:30,453 - DEBUG - boxes{}
2024-10-11 01:03:30,475 - DEBUG - boxes{}
2024-10-11 01:03:30,498 - DEBUG - boxes{}
2024-10-11 01:03:30,527 - DEBUG - boxes{}
2024-10-11 01:03:30,571 - DEBUG - boxes{}
2024-10-11 01:03:30,591 - DEBUG - boxes{}
2024-10-11 01:03:30,660 - DEBUG - boxes{}
2024-10-11 01:03:30,682 - DEBUG - boxes{}
2024-10-11 01:03:30,703 - DEBUG - boxes{}
2024-10-11 01:03:30,726 - DEBUG - boxes{}
2024-10-11 01:03:30,769 - DEBUG - boxes{}
2024-10-11 01:03:30,789 - DEBUG - boxes{}
2024-10-11 01:03:30,829 - DEBUG - boxes{}
2024-10-11 01:03:30,882 - DEBUG - boxes{}
2024-10-11 01:03:30,904 - DEBUG - boxes{}
2024-10-11 01:03:30,930 - DEBUG - boxes{}
2024-10-11 01:03:30,962 - DEBUG - boxes{}
2024-10-11 01:03:30,991 - DEBUG - boxes{}
2024-10-11 01:03:31,027 - DEBUG - boxes{}
2024-10-11 01:03:31,058 - DEBUG - boxes{}
2024-10-11 01:03:31,101 - DEBUG - boxes{}
2024-10-11 01:03:31,125 - DEBUG - boxes{}
2024-10-11 01:03:31,158 - DEBUG - boxes{}
2024-10-11 01:03:31,198 - DEBUG - boxes{}
2024-10-11 01:03:31,226 - DEBUG - boxes{}
2024-10-11 01:03:31,263 - DEBUG - boxes{}
2024-10-11 01:03:31,292 - DEBUG - boxes{}
2024-10-11 01:03:31,332 - DEBUG - boxes{}
2024-10-11 01:03:31,357 - DEBUG - boxes{}
2024-10-11 01:03:31,399 - DEBUG - boxes{}
2024-10-11 01:03:31,428 - DEBUG - boxes{}
2024-10-11 01:03:31,465 - DEBUG - boxes{}
2024-10-11 01:03:31,492 - DEBUG - boxes{}
2024-10-11 01:03:31,531 - DEBUG - boxes{}
2024-10-11 01:03:31,558 - DEBUG - boxes{}
2024-10-11 01:03:31,590 - DEBUG - boxes{}
2024-10-11 01:03:31,628 - DEBUG - boxes{}
2024-10-11 01:03:31,656 - DEBUG - boxes{}
2024-10-11 01:03:31,701 - DEBUG - boxes{}
2024-10-11 01:03:31,726 - DEBUG - boxes{}
2024-10-11 01:03:31,758 - DEBUG - boxes{}
2024-10-11 01:03:31,790 - DEBUG - boxes{}
2024-10-11 01:03:31,827 - DEBUG - boxes{}
2024-10-11 01:03:31,857 - DEBUG - boxes{}
2024-10-11 01:03:31,893 - DEBUG - boxes{}
2024-10-11 01:03:31,933 - DEBUG - boxes{}
2024-10-11 01:03:31,978 - DEBUG - boxes{}
2024-10-11 01:03:32,037 - DEBUG - boxes{}
2024-10-11 01:03:32,058 - DEBUG - boxes{}
2024-10-11 01:03:32,079 - DEBUG - boxes{}
2024-10-11 01:03:32,103 - DEBUG - boxes{}
2024-10-11 01:03:32,125 - DEBUG - boxes{}
2024-10-11 01:03:32,169 - DEBUG - boxes{}
2024-10-11 01:03:32,192 - DEBUG - boxes{}
2024-10-11 01:03:32,235 - DEBUG - boxes{}
2024-10-11 01:03:32,257 - DEBUG - boxes{}
2024-10-11 01:03:32,296 - DEBUG - boxes{}
2024-10-11 01:03:32,326 - DEBUG - boxes{}
2024-10-11 01:03:32,360 - DEBUG - boxes{}
2024-10-11 01:03:32,389 - DEBUG - boxes{}
2024-10-11 01:03:32,431 - DEBUG - boxes{}
2024-10-11 01:03:32,456 - DEBUG - boxes{}
2024-10-11 01:03:32,491 - DEBUG - boxes{}
2024-10-11 01:03:32,525 - DEBUG - boxes{}
2024-10-11 01:03:32,559 - DEBUG - boxes{}
2024-10-11 01:03:32,589 - DEBUG - boxes{}
2024-10-11 01:03:32,633 - DEBUG - boxes{}
2024-10-11 01:03:32,657 - DEBUG - boxes{}
2024-10-11 01:03:32,693 - DEBUG - boxes{}
2024-10-11 01:03:32,724 - DEBUG - boxes{}
2024-10-11 01:03:32,757 - DEBUG - boxes{}
2024-10-11 01:03:32,802 - DEBUG - boxes{}
2024-10-11 01:03:32,827 - DEBUG - boxes{}
2024-10-11 01:03:32,869 - DEBUG - boxes{}
2024-10-11 01:03:33,017 - DEBUG - boxes{}
2024-10-11 01:03:33,038 - DEBUG - boxes{}
2024-10-11 01:03:33,059 - DEBUG - boxes{}
2024-10-11 01:03:33,081 - DEBUG - boxes{}
2024-10-11 01:03:33,101 - DEBUG - boxes{}
2024-10-11 01:03:33,122 - DEBUG - boxes{}
2024-10-11 01:03:33,248 - DEBUG - boxes{}
2024-10-11 01:03:33,269 - DEBUG - boxes{}
2024-10-11 01:03:33,291 - DEBUG - boxes{}
2024-10-11 01:03:33,312 - DEBUG - boxes{}
2024-10-11 01:03:33,334 - DEBUG - boxes{}
2024-10-11 01:03:33,354 - DEBUG - boxes{}
2024-10-11 01:03:33,376 - DEBUG - boxes{}
2024-10-11 01:03:33,397 - DEBUG - boxes{}
2024-10-11 01:03:33,490 - DEBUG - boxes{}
2024-10-11 01:03:33,510 - DEBUG - boxes{}
2024-10-11 01:03:33,531 - DEBUG - boxes{}
2024-10-11 01:03:33,551 - DEBUG - boxes{}
2024-10-11 01:03:33,572 - DEBUG - boxes{}
2024-10-11 01:03:33,593 - DEBUG - boxes{}
2024-10-11 01:03:33,613 - DEBUG - boxes{}
2024-10-11 01:03:33,635 - DEBUG - boxes{}
2024-10-11 01:03:33,725 - DEBUG - boxes{}
2024-10-11 01:03:33,747 - DEBUG - boxes{}
2024-10-11 01:03:33,768 - DEBUG - boxes{}
2024-10-11 01:03:33,788 - DEBUG - boxes{}
2024-10-11 01:03:33,809 - DEBUG - boxes{}
2024-10-11 01:03:33,828 - DEBUG - boxes{}
2024-10-11 01:03:33,972 - DEBUG - boxes{}
2024-10-11 01:03:33,993 - DEBUG - boxes{}
2024-10-11 01:03:34,014 - DEBUG - boxes{}
2024-10-11 01:03:34,034 - DEBUG - boxes{}
2024-10-11 01:03:34,054 - DEBUG - boxes{}
2024-10-11 01:03:34,075 - DEBUG - boxes{}
2024-10-11 01:03:34,096 - DEBUG - boxes{}
2024-10-11 01:03:34,117 - DEBUG - boxes{}
2024-10-11 01:03:34,231 - DEBUG - boxes{}
2024-10-11 01:03:34,252 - DEBUG - boxes{}
2024-10-11 01:03:34,272 - DEBUG - boxes{}
2024-10-11 01:03:34,294 - DEBUG - boxes{}
2024-10-11 01:03:34,314 - DEBUG - boxes{}
2024-10-11 01:03:34,824 - DEBUG - boxes{}
2024-10-11 01:03:34,846 - DEBUG - boxes{}
2024-10-11 01:03:34,952 - DEBUG - boxes{}
2024-10-11 01:03:34,974 - DEBUG - boxes{}
2024-10-11 01:03:34,994 - DEBUG - boxes{}
2024-10-11 01:03:35,034 - DEBUG - boxes{}
2024-10-11 01:03:35,198 - DEBUG - boxes{}
2024-10-11 01:03:35,237 - DEBUG - boxes{}
2024-10-11 01:03:35,257 - DEBUG - boxes{}
2024-10-11 01:03:35,277 - DEBUG - boxes{}
2024-10-11 01:03:35,298 - DEBUG - boxes{}
2024-10-11 01:03:35,319 - DEBUG - boxes{}
2024-10-11 01:03:35,340 - DEBUG - boxes{}
2024-10-11 01:03:35,458 - DEBUG - boxes{}
2024-10-11 01:03:35,477 - DEBUG - boxes{}
2024-10-11 01:03:35,502 - DEBUG - boxes{}
2024-10-11 01:03:35,522 - DEBUG - boxes{}
2024-10-11 01:03:35,562 - DEBUG - boxes{}
2024-10-11 01:03:35,582 - DEBUG - boxes{}
2024-10-11 01:03:35,688 - DEBUG - boxes{}
2024-10-11 01:03:35,706 - DEBUG - Initialization completed
